{"/Users/paulomoutinho/Rocketseat/react-training/pizza-shop/src/api/get/get-profile.ts": {"path":"/Users/paulomoutinho/Rocketseat/react-training/pizza-shop/src/api/get/get-profile.ts","statementMap":{"0":{"start":{"line":15,"column":26},"end":{"line":19,"column":null}},"1":{"start":{"line":16,"column":19},"end":{"line":16,"column":null}},"2":{"start":{"line":18,"column":2},"end":{"line":18,"column":null}}},"fnMap":{"0":{"name":"(anonymous_0)","decl":{"start":{"line":15,"column":26},"end":{"line":15,"column":38}},"loc":{"start":{"line":15,"column":38},"end":{"line":19,"column":null}}}},"branchMap":{},"s":{"0":0,"1":0,"2":0},"f":{"0":0},"b":{}}
,"/Users/paulomoutinho/Rocketseat/react-training/pizza-shop/src/api/get/dashboard/get-daily-revenue-in-period.ts": {"path":"/Users/paulomoutinho/Rocketseat/react-training/pizza-shop/src/api/get/dashboard/get-daily-revenue-in-period.ts","statementMap":{"0":{"start":{"line":13,"column":39},"end":{"line":25,"column":null}},"1":{"start":{"line":14,"column":19},"end":{"line":22,"column":null}},"2":{"start":{"line":24,"column":2},"end":{"line":24,"column":null}}},"fnMap":{"0":{"name":"(anonymous_0)","decl":{"start":{"line":13,"column":39},"end":{"line":13,"column":46}},"loc":{"start":{"line":13,"column":79},"end":{"line":25,"column":null}}}},"branchMap":{},"s":{"0":0,"1":0,"2":0},"f":{"0":0},"b":{}}
,"/Users/paulomoutinho/Rocketseat/react-training/pizza-shop/src/api/get/dashboard/get-day-orders-amount.ts": {"path":"/Users/paulomoutinho/Rocketseat/react-training/pizza-shop/src/api/get/dashboard/get-day-orders-amount.ts","statementMap":{"0":{"start":{"line":8,"column":34},"end":{"line":14,"column":null}},"1":{"start":{"line":9,"column":19},"end":{"line":11,"column":null}},"2":{"start":{"line":13,"column":2},"end":{"line":13,"column":null}}},"fnMap":{"0":{"name":"(anonymous_0)","decl":{"start":{"line":8,"column":34},"end":{"line":8,"column":46}},"loc":{"start":{"line":8,"column":46},"end":{"line":14,"column":null}}}},"branchMap":{},"s":{"0":0,"1":0,"2":0},"f":{"0":0},"b":{}}
,"/Users/paulomoutinho/Rocketseat/react-training/pizza-shop/src/api/get/dashboard/get-month-canceled-orders-amount.ts": {"path":"/Users/paulomoutinho/Rocketseat/react-training/pizza-shop/src/api/get/dashboard/get-month-canceled-orders-amount.ts","statementMap":{"0":{"start":{"line":8,"column":44},"end":{"line":14,"column":null}},"1":{"start":{"line":9,"column":19},"end":{"line":11,"column":null}},"2":{"start":{"line":13,"column":2},"end":{"line":13,"column":null}}},"fnMap":{"0":{"name":"(anonymous_0)","decl":{"start":{"line":8,"column":44},"end":{"line":8,"column":56}},"loc":{"start":{"line":8,"column":56},"end":{"line":14,"column":null}}}},"branchMap":{},"s":{"0":0,"1":0,"2":0},"f":{"0":0},"b":{}}
,"/Users/paulomoutinho/Rocketseat/react-training/pizza-shop/src/api/get/dashboard/get-month-orders-amount.ts": {"path":"/Users/paulomoutinho/Rocketseat/react-training/pizza-shop/src/api/get/dashboard/get-month-orders-amount.ts","statementMap":{"0":{"start":{"line":8,"column":36},"end":{"line":14,"column":null}},"1":{"start":{"line":9,"column":19},"end":{"line":11,"column":null}},"2":{"start":{"line":13,"column":2},"end":{"line":13,"column":null}}},"fnMap":{"0":{"name":"(anonymous_0)","decl":{"start":{"line":8,"column":36},"end":{"line":8,"column":48}},"loc":{"start":{"line":8,"column":48},"end":{"line":14,"column":null}}}},"branchMap":{},"s":{"0":0,"1":0,"2":0},"f":{"0":0},"b":{}}
,"/Users/paulomoutinho/Rocketseat/react-training/pizza-shop/src/api/get/dashboard/get-month-revenue.ts": {"path":"/Users/paulomoutinho/Rocketseat/react-training/pizza-shop/src/api/get/dashboard/get-month-revenue.ts","statementMap":{"0":{"start":{"line":8,"column":31},"end":{"line":14,"column":null}},"1":{"start":{"line":9,"column":19},"end":{"line":11,"column":null}},"2":{"start":{"line":13,"column":2},"end":{"line":13,"column":null}}},"fnMap":{"0":{"name":"(anonymous_0)","decl":{"start":{"line":8,"column":31},"end":{"line":8,"column":43}},"loc":{"start":{"line":8,"column":43},"end":{"line":14,"column":null}}}},"branchMap":{},"s":{"0":0,"1":0,"2":0},"f":{"0":0},"b":{}}
,"/Users/paulomoutinho/Rocketseat/react-training/pizza-shop/src/api/get/dashboard/get-popular-products.ts": {"path":"/Users/paulomoutinho/Rocketseat/react-training/pizza-shop/src/api/get/dashboard/get-popular-products.ts","statementMap":{"0":{"start":{"line":8,"column":34},"end":{"line":14,"column":null}},"1":{"start":{"line":9,"column":19},"end":{"line":11,"column":null}},"2":{"start":{"line":13,"column":2},"end":{"line":13,"column":null}}},"fnMap":{"0":{"name":"(anonymous_0)","decl":{"start":{"line":8,"column":34},"end":{"line":8,"column":46}},"loc":{"start":{"line":8,"column":46},"end":{"line":14,"column":null}}}},"branchMap":{},"s":{"0":0,"1":0,"2":0},"f":{"0":0},"b":{}}
,"/Users/paulomoutinho/Rocketseat/react-training/pizza-shop/src/api/get/orders/get-managed-restaurant.ts": {"path":"/Users/paulomoutinho/Rocketseat/react-training/pizza-shop/src/api/get/orders/get-managed-restaurant.ts","statementMap":{"0":{"start":{"line":17,"column":36},"end":{"line":23,"column":null}},"1":{"start":{"line":18,"column":19},"end":{"line":20,"column":null}},"2":{"start":{"line":22,"column":2},"end":{"line":22,"column":null}}},"fnMap":{"0":{"name":"(anonymous_0)","decl":{"start":{"line":17,"column":36},"end":{"line":17,"column":48}},"loc":{"start":{"line":17,"column":48},"end":{"line":23,"column":null}}}},"branchMap":{},"s":{"0":0,"1":0,"2":0},"f":{"0":0},"b":{}}
,"/Users/paulomoutinho/Rocketseat/react-training/pizza-shop/src/api/get/orders/get-order-details.ts": {"path":"/Users/paulomoutinho/Rocketseat/react-training/pizza-shop/src/api/get/orders/get-order-details.ts","statementMap":{"0":{"start":{"line":28,"column":31},"end":{"line":32,"column":null}},"1":{"start":{"line":29,"column":19},"end":{"line":29,"column":null}},"2":{"start":{"line":31,"column":2},"end":{"line":31,"column":null}}},"fnMap":{"0":{"name":"(anonymous_0)","decl":{"start":{"line":28,"column":31},"end":{"line":28,"column":38}},"loc":{"start":{"line":28,"column":77},"end":{"line":32,"column":null}}}},"branchMap":{},"s":{"0":0,"1":0,"2":0},"f":{"0":0},"b":{}}
,"/Users/paulomoutinho/Rocketseat/react-training/pizza-shop/src/api/get/orders/get-orders.ts": {"path":"/Users/paulomoutinho/Rocketseat/react-training/pizza-shop/src/api/get/orders/get-orders.ts","statementMap":{"0":{"start":{"line":26,"column":25},"end":{"line":42,"column":null}},"1":{"start":{"line":32,"column":19},"end":{"line":39,"column":null}},"2":{"start":{"line":41,"column":2},"end":{"line":41,"column":null}}},"fnMap":{"0":{"name":"(anonymous_0)","decl":{"start":{"line":26,"column":25},"end":{"line":26,"column":32}},"loc":{"start":{"line":31,"column":25},"end":{"line":42,"column":null}}}},"branchMap":{},"s":{"0":0,"1":0,"2":0},"f":{"0":0},"b":{}}
,"/Users/paulomoutinho/Rocketseat/react-training/pizza-shop/src/api/patch/approve-order.ts": {"path":"/Users/paulomoutinho/Rocketseat/react-training/pizza-shop/src/api/patch/approve-order.ts","statementMap":{"0":{"start":{"line":7,"column":28},"end":{"line":9,"column":null}},"1":{"start":{"line":8,"column":2},"end":{"line":8,"column":null}}},"fnMap":{"0":{"name":"(anonymous_0)","decl":{"start":{"line":7,"column":28},"end":{"line":7,"column":35}},"loc":{"start":{"line":7,"column":71},"end":{"line":9,"column":null}}}},"branchMap":{},"s":{"0":0,"1":0},"f":{"0":0},"b":{}}
,"/Users/paulomoutinho/Rocketseat/react-training/pizza-shop/src/api/patch/cancel-order.ts": {"path":"/Users/paulomoutinho/Rocketseat/react-training/pizza-shop/src/api/patch/cancel-order.ts","statementMap":{"0":{"start":{"line":7,"column":27},"end":{"line":9,"column":null}},"1":{"start":{"line":8,"column":2},"end":{"line":8,"column":null}}},"fnMap":{"0":{"name":"(anonymous_0)","decl":{"start":{"line":7,"column":27},"end":{"line":7,"column":34}},"loc":{"start":{"line":7,"column":69},"end":{"line":9,"column":null}}}},"branchMap":{},"s":{"0":0,"1":0},"f":{"0":0},"b":{}}
,"/Users/paulomoutinho/Rocketseat/react-training/pizza-shop/src/api/patch/deliver-order.ts": {"path":"/Users/paulomoutinho/Rocketseat/react-training/pizza-shop/src/api/patch/deliver-order.ts","statementMap":{"0":{"start":{"line":7,"column":28},"end":{"line":9,"column":null}},"1":{"start":{"line":8,"column":2},"end":{"line":8,"column":null}}},"fnMap":{"0":{"name":"(anonymous_0)","decl":{"start":{"line":7,"column":28},"end":{"line":7,"column":35}},"loc":{"start":{"line":7,"column":71},"end":{"line":9,"column":null}}}},"branchMap":{},"s":{"0":0,"1":0},"f":{"0":0},"b":{}}
,"/Users/paulomoutinho/Rocketseat/react-training/pizza-shop/src/api/patch/dispatch-order.ts": {"path":"/Users/paulomoutinho/Rocketseat/react-training/pizza-shop/src/api/patch/dispatch-order.ts","statementMap":{"0":{"start":{"line":7,"column":29},"end":{"line":9,"column":null}},"1":{"start":{"line":8,"column":2},"end":{"line":8,"column":null}}},"fnMap":{"0":{"name":"(anonymous_0)","decl":{"start":{"line":7,"column":29},"end":{"line":7,"column":36}},"loc":{"start":{"line":7,"column":73},"end":{"line":9,"column":null}}}},"branchMap":{},"s":{"0":0,"1":0},"f":{"0":0},"b":{}}
,"/Users/paulomoutinho/Rocketseat/react-training/pizza-shop/src/api/post/register-restaurant.ts": {"path":"/Users/paulomoutinho/Rocketseat/react-training/pizza-shop/src/api/post/register-restaurant.ts","statementMap":{"0":{"start":{"line":16,"column":34},"end":{"line":28,"column":null}},"1":{"start":{"line":22,"column":2},"end":{"line":27,"column":null}}},"fnMap":{"0":{"name":"(anonymous_0)","decl":{"start":{"line":16,"column":34},"end":{"line":16,"column":41}},"loc":{"start":{"line":21,"column":30},"end":{"line":28,"column":null}}}},"branchMap":{},"s":{"0":0,"1":0},"f":{"0":0},"b":{}}
,"/Users/paulomoutinho/Rocketseat/react-training/pizza-shop/src/api/post/sign-in.ts": {"path":"/Users/paulomoutinho/Rocketseat/react-training/pizza-shop/src/api/post/sign-in.ts","statementMap":{"0":{"start":{"line":13,"column":22},"end":{"line":15,"column":null}},"1":{"start":{"line":14,"column":2},"end":{"line":14,"column":null}}},"fnMap":{"0":{"name":"(anonymous_0)","decl":{"start":{"line":13,"column":22},"end":{"line":13,"column":29}},"loc":{"start":{"line":13,"column":55},"end":{"line":15,"column":null}}}},"branchMap":{},"s":{"0":0,"1":0},"f":{"0":0},"b":{}}
,"/Users/paulomoutinho/Rocketseat/react-training/pizza-shop/src/api/post/sign-out.ts": {"path":"/Users/paulomoutinho/Rocketseat/react-training/pizza-shop/src/api/post/sign-out.ts","statementMap":{"0":{"start":{"line":3,"column":23},"end":{"line":5,"column":null}},"1":{"start":{"line":4,"column":2},"end":{"line":4,"column":null}}},"fnMap":{"0":{"name":"(anonymous_0)","decl":{"start":{"line":3,"column":23},"end":{"line":3,"column":35}},"loc":{"start":{"line":3,"column":35},"end":{"line":5,"column":null}}}},"branchMap":{},"s":{"0":0,"1":0},"f":{"0":0},"b":{}}
,"/Users/paulomoutinho/Rocketseat/react-training/pizza-shop/src/api/put/update-store-profile.ts": {"path":"/Users/paulomoutinho/Rocketseat/react-training/pizza-shop/src/api/put/update-store-profile.ts","statementMap":{"0":{"start":{"line":14,"column":34},"end":{"line":19,"column":null}},"1":{"start":{"line":18,"column":2},"end":{"line":18,"column":null}}},"fnMap":{"0":{"name":"(anonymous_0)","decl":{"start":{"line":14,"column":34},"end":{"line":14,"column":41}},"loc":{"start":{"line":17,"column":30},"end":{"line":19,"column":null}}}},"branchMap":{},"s":{"0":0,"1":0},"f":{"0":0},"b":{}}
,"/Users/paulomoutinho/Rocketseat/react-training/pizza-shop/src/components/account-menu/index.tsx": {"path":"/Users/paulomoutinho/Rocketseat/react-training/pizza-shop/src/components/account-menu/index.tsx","statementMap":{"0":{"start":{"line":21,"column":27},"end":{"line":88,"column":null}},"1":{"start":{"line":22,"column":57},"end":{"line":26,"column":null}},"2":{"start":{"line":29,"column":4},"end":{"line":33,"column":null}},"3":{"start":{"line":35,"column":2},"end":{"line":86,"column":null}}},"fnMap":{"0":{"name":"(anonymous_0)","decl":{"start":{"line":21,"column":27},"end":{"line":21,"column":33}},"loc":{"start":{"line":21,"column":33},"end":{"line":88,"column":null}}}},"branchMap":{"0":{"loc":{"start":{"line":44,"column":15},"end":{"line":47,"column":null}},"type":"cond-expr","locations":[{"start":{"line":45,"column":16},"end":{"line":45,"column":null}},{"start":{"line":47,"column":16},"end":{"line":47,"column":null}}]},"1":{"loc":{"start":{"line":55,"column":13},"end":{"line":66,"column":null}},"type":"cond-expr","locations":[{"start":{"line":56,"column":14},"end":{"line":59,"column":null}},{"start":{"line":61,"column":14},"end":{"line":66,"column":null}}]}},"s":{"0":0,"1":0,"2":0,"3":0},"f":{"0":0},"b":{"0":[0,0],"1":[0,0]}}
,"/Users/paulomoutinho/Rocketseat/react-training/pizza-shop/src/components/alert-modal/index.tsx": {"path":"/Users/paulomoutinho/Rocketseat/react-training/pizza-shop/src/components/alert-modal/index.tsx","statementMap":{"0":{"start":{"line":19,"column":26},"end":{"line":58,"column":null}},"1":{"start":{"line":20,"column":19},"end":{"line":20,"column":null}},"2":{"start":{"line":22,"column":48},"end":{"line":27,"column":null}},"3":{"start":{"line":25,"column":6},"end":{"line":25,"column":null}},"4":{"start":{"line":29,"column":2},"end":{"line":56,"column":null}},"5":{"start":{"line":51,"column":44},"end":{"line":51,"column":57}}},"fnMap":{"0":{"name":"(anonymous_0)","decl":{"start":{"line":19,"column":26},"end":{"line":19,"column":32}},"loc":{"start":{"line":19,"column":32},"end":{"line":58,"column":null}}},"1":{"name":"(anonymous_1)","decl":{"start":{"line":24,"column":15},"end":{"line":24,"column":21}},"loc":{"start":{"line":24,"column":21},"end":{"line":26,"column":null}}},"2":{"name":"(anonymous_2)","decl":{"start":{"line":51,"column":38},"end":{"line":51,"column":44}},"loc":{"start":{"line":51,"column":44},"end":{"line":51,"column":57}}}},"branchMap":{},"s":{"0":0,"1":0,"2":0,"3":0,"4":0,"5":0},"f":{"0":0,"1":0,"2":0},"b":{}}
,"/Users/paulomoutinho/Rocketseat/react-training/pizza-shop/src/components/date-range-picker/index.tsx": {"path":"/Users/paulomoutinho/Rocketseat/react-training/pizza-shop/src/components/date-range-picker/index.tsx","statementMap":{"0":{"start":{"line":27,"column":2},"end":{"line":65,"column":null}}},"fnMap":{"0":{"name":"DatePickerWithRange","decl":{"start":{"line":22,"column":16},"end":{"line":22,"column":36}},"loc":{"start":{"line":26,"column":25},"end":{"line":67,"column":null}}}},"branchMap":{"0":{"loc":{"start":{"line":36,"column":14},"end":{"line":36,"column":null}},"type":"binary-expr","locations":[{"start":{"line":36,"column":14},"end":{"line":36,"column":23}},{"start":{"line":36,"column":23},"end":{"line":36,"column":null}}]},"1":{"loc":{"start":{"line":40,"column":13},"end":{"line":50,"column":null}},"type":"cond-expr","locations":[{"start":{"line":41,"column":14},"end":{"line":47,"column":null}},{"start":{"line":50,"column":14},"end":{"line":50,"column":null}}]},"2":{"loc":{"start":{"line":41,"column":14},"end":{"line":47,"column":null}},"type":"cond-expr","locations":[{"start":{"line":42,"column":16},"end":{"line":45,"column":null}},{"start":{"line":47,"column":16},"end":{"line":47,"column":null}}]}},"s":{"0":0},"f":{"0":0},"b":{"0":[0,0],"1":[0,0],"2":[0,0]}}
,"/Users/paulomoutinho/Rocketseat/react-training/pizza-shop/src/components/header/index.tsx": {"path":"/Users/paulomoutinho/Rocketseat/react-training/pizza-shop/src/components/header/index.tsx","statementMap":{"0":{"start":{"line":8,"column":22},"end":{"line":35,"column":null}},"1":{"start":{"line":9,"column":2},"end":{"line":33,"column":null}}},"fnMap":{"0":{"name":"(anonymous_0)","decl":{"start":{"line":8,"column":22},"end":{"line":8,"column":28}},"loc":{"start":{"line":8,"column":28},"end":{"line":35,"column":null}}}},"branchMap":{},"s":{"0":0,"1":0},"f":{"0":0},"b":{}}
,"/Users/paulomoutinho/Rocketseat/react-training/pizza-shop/src/components/mode-toggle/index.tsx": {"path":"/Users/paulomoutinho/Rocketseat/react-training/pizza-shop/src/components/mode-toggle/index.tsx","statementMap":{"0":{"start":{"line":12,"column":26},"end":{"line":37,"column":null}},"1":{"start":{"line":13,"column":23},"end":{"line":13,"column":null}},"2":{"start":{"line":15,"column":2},"end":{"line":35,"column":null}},"3":{"start":{"line":25,"column":41},"end":{"line":25,"column":60}},"4":{"start":{"line":28,"column":41},"end":{"line":28,"column":59}},"5":{"start":{"line":31,"column":41},"end":{"line":31,"column":61}}},"fnMap":{"0":{"name":"(anonymous_0)","decl":{"start":{"line":12,"column":26},"end":{"line":12,"column":32}},"loc":{"start":{"line":12,"column":32},"end":{"line":37,"column":null}}},"1":{"name":"(anonymous_1)","decl":{"start":{"line":25,"column":35},"end":{"line":25,"column":41}},"loc":{"start":{"line":25,"column":41},"end":{"line":25,"column":60}}},"2":{"name":"(anonymous_2)","decl":{"start":{"line":28,"column":35},"end":{"line":28,"column":41}},"loc":{"start":{"line":28,"column":41},"end":{"line":28,"column":59}}},"3":{"name":"(anonymous_3)","decl":{"start":{"line":31,"column":35},"end":{"line":31,"column":41}},"loc":{"start":{"line":31,"column":41},"end":{"line":31,"column":61}}}},"branchMap":{},"s":{"0":0,"1":0,"2":0,"3":0,"4":0,"5":0},"f":{"0":0,"1":0,"2":0,"3":0},"b":{}}
,"/Users/paulomoutinho/Rocketseat/react-training/pizza-shop/src/components/nav-link/index.tsx": {"path":"/Users/paulomoutinho/Rocketseat/react-training/pizza-shop/src/components/nav-link/index.tsx","statementMap":{"0":{"start":{"line":5,"column":23},"end":{"line":15,"column":null}},"1":{"start":{"line":6,"column":23},"end":{"line":6,"column":null}},"2":{"start":{"line":8,"column":2},"end":{"line":13,"column":null}}},"fnMap":{"0":{"name":"(anonymous_0)","decl":{"start":{"line":5,"column":23},"end":{"line":5,"column":24}},"loc":{"start":{"line":5,"column":48},"end":{"line":15,"column":null}}}},"branchMap":{},"s":{"0":1,"1":2,"2":2},"f":{"0":2},"b":{}}
,"/Users/paulomoutinho/Rocketseat/react-training/pizza-shop/src/components/pagination/index.tsx": {"path":"/Users/paulomoutinho/Rocketseat/react-training/pizza-shop/src/components/pagination/index.tsx","statementMap":{"0":{"start":{"line":23,"column":16},"end":{"line":23,"column":null}},"1":{"start":{"line":25,"column":2},"end":{"line":74,"column":null}},"2":{"start":{"line":37,"column":27},"end":{"line":37,"column":null}},"3":{"start":{"line":46,"column":27},"end":{"line":46,"column":null}},"4":{"start":{"line":55,"column":27},"end":{"line":55,"column":null}},"5":{"start":{"line":64,"column":27},"end":{"line":64,"column":null}}},"fnMap":{"0":{"name":"Pagination","decl":{"start":{"line":17,"column":16},"end":{"line":17,"column":27}},"loc":{"start":{"line":22,"column":20},"end":{"line":76,"column":null}}},"1":{"name":"(anonymous_1)","decl":{"start":{"line":37,"column":21},"end":{"line":37,"column":27}},"loc":{"start":{"line":37,"column":27},"end":{"line":37,"column":null}}},"2":{"name":"(anonymous_2)","decl":{"start":{"line":46,"column":21},"end":{"line":46,"column":27}},"loc":{"start":{"line":46,"column":27},"end":{"line":46,"column":null}}},"3":{"name":"(anonymous_3)","decl":{"start":{"line":55,"column":21},"end":{"line":55,"column":27}},"loc":{"start":{"line":55,"column":27},"end":{"line":55,"column":null}}},"4":{"name":"(anonymous_4)","decl":{"start":{"line":64,"column":21},"end":{"line":64,"column":27}},"loc":{"start":{"line":64,"column":27},"end":{"line":64,"column":null}}}},"branchMap":{"0":{"loc":{"start":{"line":23,"column":16},"end":{"line":23,"column":null}},"type":"binary-expr","locations":[{"start":{"line":23,"column":16},"end":{"line":23,"column":51}},{"start":{"line":23,"column":51},"end":{"line":23,"column":null}}]}},"s":{"0":5,"1":5,"2":1,"3":1,"4":1,"5":1},"f":{"0":5,"1":1,"2":1,"3":1,"4":1},"b":{"0":[5,0]}}
,"/Users/paulomoutinho/Rocketseat/react-training/pizza-shop/src/components/store-profile/index.tsx": {"path":"/Users/paulomoutinho/Rocketseat/react-training/pizza-shop/src/components/store-profile/index.tsx","statementMap":{"0":{"start":{"line":26,"column":27},"end":{"line":29,"column":null}},"1":{"start":{"line":33,"column":28},"end":{"line":131,"column":null}},"2":{"start":{"line":34,"column":22},"end":{"line":34,"column":null}},"3":{"start":{"line":35,"column":38},"end":{"line":39,"column":null}},"4":{"start":{"line":41,"column":48},"end":{"line":62,"column":null}},"5":{"start":{"line":46,"column":21},"end":{"line":48,"column":null}},"6":{"start":{"line":50,"column":6},"end":{"line":60,"column":null}},"7":{"start":{"line":52,"column":8},"end":{"line":59,"column":null}},"8":{"start":{"line":69,"column":6},"end":{"line":75,"column":null}},"9":{"start":{"line":77,"column":35},"end":{"line":87,"column":null}},"10":{"start":{"line":78,"column":4},"end":{"line":86,"column":null}},"11":{"start":{"line":79,"column":6},"end":{"line":79,"column":null}},"12":{"start":{"line":81,"column":6},"end":{"line":81,"column":null}},"13":{"start":{"line":83,"column":6},"end":{"line":83,"column":null}},"14":{"start":{"line":85,"column":6},"end":{"line":85,"column":null}},"15":{"start":{"line":89,"column":2},"end":{"line":129,"column":null}}},"fnMap":{"0":{"name":"(anonymous_0)","decl":{"start":{"line":33,"column":28},"end":{"line":33,"column":34}},"loc":{"start":{"line":33,"column":34},"end":{"line":131,"column":null}}},"1":{"name":"(anonymous_1)","decl":{"start":{"line":44,"column":4},"end":{"line":44,"column":14}},"loc":{"start":{"line":44,"column":40},"end":{"line":61,"column":null}}},"2":{"name":"(anonymous_2)","decl":{"start":{"line":77,"column":35},"end":{"line":77,"column":42}},"loc":{"start":{"line":77,"column":71},"end":{"line":87,"column":null}}}},"branchMap":{"0":{"loc":{"start":{"line":50,"column":6},"end":{"line":60,"column":null}},"type":"if","locations":[{"start":{"line":50,"column":6},"end":{"line":60,"column":null}},{"start":{},"end":{}}]},"1":{"loc":{"start":{"line":72,"column":12},"end":{"line":72,"column":null}},"type":"binary-expr","locations":[{"start":{"line":72,"column":12},"end":{"line":72,"column":39}},{"start":{"line":72,"column":39},"end":{"line":72,"column":null}}]},"2":{"loc":{"start":{"line":73,"column":19},"end":{"line":73,"column":null}},"type":"binary-expr","locations":[{"start":{"line":73,"column":19},"end":{"line":73,"column":53}},{"start":{"line":73,"column":53},"end":{"line":73,"column":null}}]}},"s":{"0":0,"1":0,"2":0,"3":0,"4":0,"5":0,"6":0,"7":0,"8":0,"9":0,"10":0,"11":0,"12":0,"13":0,"14":0,"15":0},"f":{"0":0,"1":0,"2":0},"b":{"0":[0,0],"1":[0,0],"2":[0,0]}}
,"/Users/paulomoutinho/Rocketseat/react-training/pizza-shop/src/components/theme-provider/index.tsx": {"path":"/Users/paulomoutinho/Rocketseat/react-training/pizza-shop/src/components/theme-provider/index.tsx","statementMap":{"0":{"start":{"line":16,"column":41},"end":{"line":19,"column":null}},"1":{"start":{"line":18,"column":18},"end":{"line":18,"column":null}},"2":{"start":{"line":21,"column":29},"end":{"line":21,"column":null}},"3":{"start":{"line":23,"column":29},"end":{"line":64,"column":null}},"4":{"start":{"line":29,"column":28},"end":{"line":31,"column":null}},"5":{"start":{"line":30,"column":11},"end":{"line":30,"column":null}},"6":{"start":{"line":33,"column":2},"end":{"line":49,"column":null}},"7":{"start":{"line":34,"column":17},"end":{"line":34,"column":null}},"8":{"start":{"line":36,"column":4},"end":{"line":36,"column":null}},"9":{"start":{"line":38,"column":4},"end":{"line":46,"column":null}},"10":{"start":{"line":39,"column":26},"end":{"line":42,"column":null}},"11":{"start":{"line":44,"column":6},"end":{"line":44,"column":null}},"12":{"start":{"line":45,"column":6},"end":{"line":45,"column":null}},"13":{"start":{"line":48,"column":4},"end":{"line":48,"column":null}},"14":{"start":{"line":51,"column":16},"end":{"line":57,"column":null}},"15":{"start":{"line":54,"column":6},"end":{"line":54,"column":null}},"16":{"start":{"line":55,"column":6},"end":{"line":55,"column":null}},"17":{"start":{"line":59,"column":2},"end":{"line":62,"column":null}},"18":{"start":{"line":66,"column":24},"end":{"line":73,"column":null}},"19":{"start":{"line":67,"column":18},"end":{"line":67,"column":null}},"20":{"start":{"line":69,"column":2},"end":{"line":70,"column":null}},"21":{"start":{"line":70,"column":4},"end":{"line":70,"column":null}},"22":{"start":{"line":72,"column":2},"end":{"line":72,"column":null}}},"fnMap":{"0":{"name":"(anonymous_0)","decl":{"start":{"line":18,"column":12},"end":{"line":18,"column":18}},"loc":{"start":{"line":18,"column":18},"end":{"line":18,"column":null}}},"1":{"name":"(anonymous_1)","decl":{"start":{"line":23,"column":29},"end":{"line":23,"column":30}},"loc":{"start":{"line":28,"column":26},"end":{"line":64,"column":null}}},"2":{"name":"(anonymous_2)","decl":{"start":{"line":30,"column":4},"end":{"line":30,"column":11}},"loc":{"start":{"line":30,"column":11},"end":{"line":30,"column":null}}},"3":{"name":"(anonymous_3)","decl":{"start":{"line":33,"column":12},"end":{"line":33,"column":18}},"loc":{"start":{"line":33,"column":18},"end":{"line":49,"column":5}}},"4":{"name":"(anonymous_4)","decl":{"start":{"line":53,"column":14},"end":{"line":53,"column":15}},"loc":{"start":{"line":53,"column":32},"end":{"line":56,"column":null}}},"5":{"name":"(anonymous_5)","decl":{"start":{"line":66,"column":24},"end":{"line":66,"column":30}},"loc":{"start":{"line":66,"column":30},"end":{"line":73,"column":null}}}},"branchMap":{"0":{"loc":{"start":{"line":25,"column":2},"end":{"line":25,"column":null}},"type":"default-arg","locations":[{"start":{"line":25,"column":17},"end":{"line":25,"column":null}}]},"1":{"loc":{"start":{"line":26,"column":2},"end":{"line":26,"column":null}},"type":"default-arg","locations":[{"start":{"line":26,"column":15},"end":{"line":26,"column":null}}]},"2":{"loc":{"start":{"line":30,"column":11},"end":{"line":30,"column":null}},"type":"binary-expr","locations":[{"start":{"line":30,"column":11},"end":{"line":30,"column":57}},{"start":{"line":30,"column":57},"end":{"line":30,"column":null}}]},"3":{"loc":{"start":{"line":38,"column":4},"end":{"line":46,"column":null}},"type":"if","locations":[{"start":{"line":38,"column":4},"end":{"line":46,"column":null}},{"start":{},"end":{}}]},"4":{"loc":{"start":{"line":39,"column":26},"end":{"line":42,"column":null}},"type":"cond-expr","locations":[{"start":{"line":41,"column":10},"end":{"line":41,"column":null}},{"start":{"line":42,"column":10},"end":{"line":42,"column":null}}]},"5":{"loc":{"start":{"line":69,"column":2},"end":{"line":70,"column":null}},"type":"if","locations":[{"start":{"line":69,"column":2},"end":{"line":70,"column":null}},{"start":{},"end":{}}]}},"s":{"0":0,"1":0,"2":0,"3":0,"4":0,"5":0,"6":0,"7":0,"8":0,"9":0,"10":0,"11":0,"12":0,"13":0,"14":0,"15":0,"16":0,"17":0,"18":0,"19":0,"20":0,"21":0,"22":0},"f":{"0":0,"1":0,"2":0,"3":0,"4":0,"5":0},"b":{"0":[0],"1":[0],"2":[0,0],"3":[0,0],"4":[0,0],"5":[0,0]}}
,"/Users/paulomoutinho/Rocketseat/react-training/pizza-shop/src/components/ui/alert-dialog.tsx": {"path":"/Users/paulomoutinho/Rocketseat/react-training/pizza-shop/src/components/ui/alert-dialog.tsx","statementMap":{"0":{"start":{"line":7,"column":20},"end":{"line":7,"column":null}},"1":{"start":{"line":9,"column":27},"end":{"line":9,"column":null}},"2":{"start":{"line":11,"column":26},"end":{"line":11,"column":null}},"3":{"start":{"line":13,"column":27},"end":{"line":25,"column":null}},"4":{"start":{"line":17,"column":2},"end":{"line":24,"column":null}},"5":{"start":{"line":26,"column":0},"end":{"line":26,"column":null}},"6":{"start":{"line":28,"column":27},"end":{"line":43,"column":null}},"7":{"start":{"line":32,"column":2},"end":{"line":42,"column":null}},"8":{"start":{"line":44,"column":0},"end":{"line":44,"column":null}},"9":{"start":{"line":46,"column":26},"end":{"line":56,"column":null}},"10":{"start":{"line":50,"column":2},"end":{"line":56,"column":null}},"11":{"start":{"line":58,"column":0},"end":{"line":58,"column":null}},"12":{"start":{"line":60,"column":26},"end":{"line":70,"column":null}},"13":{"start":{"line":64,"column":2},"end":{"line":70,"column":null}},"14":{"start":{"line":72,"column":0},"end":{"line":72,"column":null}},"15":{"start":{"line":74,"column":25},"end":{"line":83,"column":null}},"16":{"start":{"line":78,"column":2},"end":{"line":82,"column":null}},"17":{"start":{"line":84,"column":0},"end":{"line":84,"column":null}},"18":{"start":{"line":86,"column":31},"end":{"line":95,"column":null}},"19":{"start":{"line":90,"column":2},"end":{"line":94,"column":null}},"20":{"start":{"line":96,"column":0},"end":{"line":97,"column":null}},"21":{"start":{"line":99,"column":26},"end":{"line":108,"column":null}},"22":{"start":{"line":103,"column":2},"end":{"line":107,"column":null}},"23":{"start":{"line":109,"column":0},"end":{"line":109,"column":null}},"24":{"start":{"line":111,"column":26},"end":{"line":124,"column":null}},"25":{"start":{"line":115,"column":2},"end":{"line":123,"column":null}},"26":{"start":{"line":125,"column":0},"end":{"line":125,"column":null}}},"fnMap":{"0":{"name":"(anonymous_0)","decl":{"start":{"line":16,"column":2},"end":{"line":16,"column":3}},"loc":{"start":{"line":17,"column":2},"end":{"line":24,"column":null}}},"1":{"name":"(anonymous_1)","decl":{"start":{"line":31,"column":2},"end":{"line":31,"column":3}},"loc":{"start":{"line":32,"column":2},"end":{"line":42,"column":null}}},"2":{"name":"(anonymous_2)","decl":{"start":{"line":46,"column":26},"end":{"line":46,"column":27}},"loc":{"start":{"line":50,"column":2},"end":{"line":56,"column":null}}},"3":{"name":"(anonymous_3)","decl":{"start":{"line":60,"column":26},"end":{"line":60,"column":27}},"loc":{"start":{"line":64,"column":2},"end":{"line":70,"column":null}}},"4":{"name":"(anonymous_4)","decl":{"start":{"line":77,"column":2},"end":{"line":77,"column":3}},"loc":{"start":{"line":78,"column":2},"end":{"line":82,"column":null}}},"5":{"name":"(anonymous_5)","decl":{"start":{"line":89,"column":2},"end":{"line":89,"column":3}},"loc":{"start":{"line":90,"column":2},"end":{"line":94,"column":null}}},"6":{"name":"(anonymous_6)","decl":{"start":{"line":102,"column":2},"end":{"line":102,"column":3}},"loc":{"start":{"line":103,"column":2},"end":{"line":107,"column":null}}},"7":{"name":"(anonymous_7)","decl":{"start":{"line":114,"column":2},"end":{"line":114,"column":3}},"loc":{"start":{"line":115,"column":2},"end":{"line":123,"column":null}}}},"branchMap":{},"s":{"0":0,"1":0,"2":0,"3":0,"4":0,"5":0,"6":0,"7":0,"8":0,"9":0,"10":0,"11":0,"12":0,"13":0,"14":0,"15":0,"16":0,"17":0,"18":0,"19":0,"20":0,"21":0,"22":0,"23":0,"24":0,"25":0,"26":0},"f":{"0":0,"1":0,"2":0,"3":0,"4":0,"5":0,"6":0,"7":0},"b":{}}
,"/Users/paulomoutinho/Rocketseat/react-training/pizza-shop/src/components/ui/button.tsx": {"path":"/Users/paulomoutinho/Rocketseat/react-training/pizza-shop/src/components/ui/button.tsx","statementMap":{"0":{"start":{"line":7,"column":23},"end":{"line":37,"column":null}},"1":{"start":{"line":45,"column":15},"end":{"line":56,"column":null}},"2":{"start":{"line":47,"column":17},"end":{"line":47,"column":null}},"3":{"start":{"line":48,"column":4},"end":{"line":53,"column":null}},"4":{"start":{"line":57,"column":0},"end":{"line":57,"column":null}}},"fnMap":{"0":{"name":"(anonymous_0)","decl":{"start":{"line":46,"column":2},"end":{"line":46,"column":3}},"loc":{"start":{"line":46,"column":68},"end":{"line":55,"column":null}}}},"branchMap":{"0":{"loc":{"start":{"line":46,"column":31},"end":{"line":46,"column":48}},"type":"default-arg","locations":[{"start":{"line":46,"column":41},"end":{"line":46,"column":48}}]},"1":{"loc":{"start":{"line":47,"column":17},"end":{"line":47,"column":null}},"type":"cond-expr","locations":[{"start":{"line":47,"column":27},"end":{"line":47,"column":34}},{"start":{"line":47,"column":34},"end":{"line":47,"column":null}}]}},"s":{"0":1,"1":1,"2":20,"3":20,"4":1},"f":{"0":20},"b":{"0":[20],"1":[0,20]}}
,"/Users/paulomoutinho/Rocketseat/react-training/pizza-shop/src/components/ui/calendar.tsx": {"path":"/Users/paulomoutinho/Rocketseat/react-training/pizza-shop/src/components/ui/calendar.tsx","statementMap":{"0":{"start":{"line":16,"column":2},"end":{"line":59,"column":null}},"1":{"start":{"line":55,"column":24},"end":{"line":55,"column":null}},"2":{"start":{"line":56,"column":25},"end":{"line":56,"column":null}},"3":{"start":{"line":62,"column":0},"end":{"line":62,"column":null}}},"fnMap":{"0":{"name":"Calendar","decl":{"start":{"line":10,"column":9},"end":{"line":10,"column":18}},"loc":{"start":{"line":15,"column":18},"end":{"line":61,"column":null}}},"1":{"name":"(anonymous_1)","decl":{"start":{"line":55,"column":18},"end":{"line":55,"column":24}},"loc":{"start":{"line":55,"column":24},"end":{"line":55,"column":null}}},"2":{"name":"(anonymous_2)","decl":{"start":{"line":56,"column":19},"end":{"line":56,"column":25}},"loc":{"start":{"line":56,"column":25},"end":{"line":56,"column":null}}}},"branchMap":{"0":{"loc":{"start":{"line":13,"column":2},"end":{"line":13,"column":null}},"type":"default-arg","locations":[{"start":{"line":13,"column":20},"end":{"line":13,"column":null}}]}},"s":{"0":0,"1":0,"2":0,"3":0},"f":{"0":0,"1":0,"2":0},"b":{"0":[0]}}
,"/Users/paulomoutinho/Rocketseat/react-training/pizza-shop/src/components/ui/card.tsx": {"path":"/Users/paulomoutinho/Rocketseat/react-training/pizza-shop/src/components/ui/card.tsx","statementMap":{"0":{"start":{"line":5,"column":13},"end":{"line":17,"column":null}},"1":{"start":{"line":9,"column":2},"end":{"line":16,"column":null}},"2":{"start":{"line":18,"column":0},"end":{"line":18,"column":null}},"3":{"start":{"line":20,"column":19},"end":{"line":29,"column":null}},"4":{"start":{"line":24,"column":2},"end":{"line":28,"column":null}},"5":{"start":{"line":30,"column":0},"end":{"line":30,"column":null}},"6":{"start":{"line":32,"column":18},"end":{"line":44,"column":null}},"7":{"start":{"line":36,"column":2},"end":{"line":43,"column":null}},"8":{"start":{"line":45,"column":0},"end":{"line":45,"column":null}},"9":{"start":{"line":47,"column":24},"end":{"line":56,"column":null}},"10":{"start":{"line":51,"column":2},"end":{"line":55,"column":null}},"11":{"start":{"line":57,"column":0},"end":{"line":57,"column":null}},"12":{"start":{"line":59,"column":20},"end":{"line":64,"column":null}},"13":{"start":{"line":63,"column":2},"end":{"line":63,"column":null}},"14":{"start":{"line":65,"column":0},"end":{"line":65,"column":null}},"15":{"start":{"line":67,"column":19},"end":{"line":76,"column":null}},"16":{"start":{"line":71,"column":2},"end":{"line":75,"column":null}},"17":{"start":{"line":77,"column":0},"end":{"line":77,"column":null}}},"fnMap":{"0":{"name":"(anonymous_0)","decl":{"start":{"line":8,"column":2},"end":{"line":8,"column":3}},"loc":{"start":{"line":9,"column":2},"end":{"line":16,"column":null}}},"1":{"name":"(anonymous_1)","decl":{"start":{"line":23,"column":2},"end":{"line":23,"column":3}},"loc":{"start":{"line":24,"column":2},"end":{"line":28,"column":null}}},"2":{"name":"(anonymous_2)","decl":{"start":{"line":35,"column":2},"end":{"line":35,"column":3}},"loc":{"start":{"line":36,"column":2},"end":{"line":43,"column":null}}},"3":{"name":"(anonymous_3)","decl":{"start":{"line":50,"column":2},"end":{"line":50,"column":3}},"loc":{"start":{"line":51,"column":2},"end":{"line":55,"column":null}}},"4":{"name":"(anonymous_4)","decl":{"start":{"line":62,"column":2},"end":{"line":62,"column":3}},"loc":{"start":{"line":63,"column":2},"end":{"line":63,"column":null}}},"5":{"name":"(anonymous_5)","decl":{"start":{"line":70,"column":2},"end":{"line":70,"column":3}},"loc":{"start":{"line":71,"column":2},"end":{"line":75,"column":null}}}},"branchMap":{},"s":{"0":0,"1":0,"2":0,"3":0,"4":0,"5":0,"6":0,"7":0,"8":0,"9":0,"10":0,"11":0,"12":0,"13":0,"14":0,"15":0,"16":0,"17":0},"f":{"0":0,"1":0,"2":0,"3":0,"4":0,"5":0},"b":{}}
,"/Users/paulomoutinho/Rocketseat/react-training/pizza-shop/src/components/ui/dialog.tsx": {"path":"/Users/paulomoutinho/Rocketseat/react-training/pizza-shop/src/components/ui/dialog.tsx","statementMap":{"0":{"start":{"line":7,"column":15},"end":{"line":7,"column":null}},"1":{"start":{"line":9,"column":22},"end":{"line":9,"column":null}},"2":{"start":{"line":11,"column":21},"end":{"line":11,"column":null}},"3":{"start":{"line":13,"column":20},"end":{"line":13,"column":null}},"4":{"start":{"line":15,"column":22},"end":{"line":27,"column":null}},"5":{"start":{"line":19,"column":2},"end":{"line":26,"column":null}},"6":{"start":{"line":28,"column":0},"end":{"line":28,"column":null}},"7":{"start":{"line":30,"column":22},"end":{"line":51,"column":null}},"8":{"start":{"line":34,"column":2},"end":{"line":50,"column":null}},"9":{"start":{"line":52,"column":0},"end":{"line":52,"column":null}},"10":{"start":{"line":54,"column":21},"end":{"line":64,"column":null}},"11":{"start":{"line":58,"column":2},"end":{"line":64,"column":null}},"12":{"start":{"line":66,"column":0},"end":{"line":66,"column":null}},"13":{"start":{"line":68,"column":21},"end":{"line":78,"column":null}},"14":{"start":{"line":72,"column":2},"end":{"line":78,"column":null}},"15":{"start":{"line":80,"column":0},"end":{"line":80,"column":null}},"16":{"start":{"line":82,"column":20},"end":{"line":94,"column":null}},"17":{"start":{"line":86,"column":2},"end":{"line":93,"column":null}},"18":{"start":{"line":95,"column":0},"end":{"line":95,"column":null}},"19":{"start":{"line":97,"column":26},"end":{"line":106,"column":null}},"20":{"start":{"line":101,"column":2},"end":{"line":105,"column":null}},"21":{"start":{"line":107,"column":0},"end":{"line":107,"column":null}}},"fnMap":{"0":{"name":"(anonymous_0)","decl":{"start":{"line":18,"column":2},"end":{"line":18,"column":3}},"loc":{"start":{"line":19,"column":2},"end":{"line":26,"column":null}}},"1":{"name":"(anonymous_1)","decl":{"start":{"line":33,"column":2},"end":{"line":33,"column":3}},"loc":{"start":{"line":34,"column":2},"end":{"line":50,"column":null}}},"2":{"name":"(anonymous_2)","decl":{"start":{"line":54,"column":21},"end":{"line":54,"column":22}},"loc":{"start":{"line":58,"column":2},"end":{"line":64,"column":null}}},"3":{"name":"(anonymous_3)","decl":{"start":{"line":68,"column":21},"end":{"line":68,"column":22}},"loc":{"start":{"line":72,"column":2},"end":{"line":78,"column":null}}},"4":{"name":"(anonymous_4)","decl":{"start":{"line":85,"column":2},"end":{"line":85,"column":3}},"loc":{"start":{"line":86,"column":2},"end":{"line":93,"column":null}}},"5":{"name":"(anonymous_5)","decl":{"start":{"line":100,"column":2},"end":{"line":100,"column":3}},"loc":{"start":{"line":101,"column":2},"end":{"line":105,"column":null}}}},"branchMap":{},"s":{"0":0,"1":0,"2":0,"3":0,"4":0,"5":0,"6":0,"7":0,"8":0,"9":0,"10":0,"11":0,"12":0,"13":0,"14":0,"15":0,"16":0,"17":0,"18":0,"19":0,"20":0,"21":0},"f":{"0":0,"1":0,"2":0,"3":0,"4":0,"5":0},"b":{}}
,"/Users/paulomoutinho/Rocketseat/react-training/pizza-shop/src/components/ui/dropdown-menu.tsx": {"path":"/Users/paulomoutinho/Rocketseat/react-training/pizza-shop/src/components/ui/dropdown-menu.tsx","statementMap":{"0":{"start":{"line":7,"column":21},"end":{"line":7,"column":null}},"1":{"start":{"line":9,"column":28},"end":{"line":9,"column":null}},"2":{"start":{"line":11,"column":26},"end":{"line":11,"column":null}},"3":{"start":{"line":13,"column":27},"end":{"line":13,"column":null}},"4":{"start":{"line":15,"column":24},"end":{"line":15,"column":null}},"5":{"start":{"line":17,"column":31},"end":{"line":17,"column":null}},"6":{"start":{"line":19,"column":31},"end":{"line":37,"column":null}},"7":{"start":{"line":25,"column":2},"end":{"line":36,"column":null}},"8":{"start":{"line":38,"column":0},"end":{"line":39,"column":null}},"9":{"start":{"line":41,"column":31},"end":{"line":53,"column":null}},"10":{"start":{"line":45,"column":2},"end":{"line":52,"column":null}},"11":{"start":{"line":54,"column":0},"end":{"line":55,"column":null}},"12":{"start":{"line":57,"column":28},"end":{"line":72,"column":null}},"13":{"start":{"line":61,"column":2},"end":{"line":71,"column":null}},"14":{"start":{"line":73,"column":0},"end":{"line":73,"column":null}},"15":{"start":{"line":75,"column":25},"end":{"line":90,"column":null}},"16":{"start":{"line":81,"column":2},"end":{"line":89,"column":null}},"17":{"start":{"line":91,"column":0},"end":{"line":91,"column":null}},"18":{"start":{"line":93,"column":33},"end":{"line":113,"column":null}},"19":{"start":{"line":97,"column":2},"end":{"line":112,"column":null}},"20":{"start":{"line":114,"column":0},"end":{"line":115,"column":null}},"21":{"start":{"line":117,"column":30},"end":{"line":136,"column":null}},"22":{"start":{"line":121,"column":2},"end":{"line":135,"column":null}},"23":{"start":{"line":137,"column":0},"end":{"line":137,"column":null}},"24":{"start":{"line":139,"column":26},"end":{"line":154,"column":null}},"25":{"start":{"line":145,"column":2},"end":{"line":153,"column":null}},"26":{"start":{"line":155,"column":0},"end":{"line":155,"column":null}},"27":{"start":{"line":157,"column":30},"end":{"line":166,"column":null}},"28":{"start":{"line":161,"column":2},"end":{"line":165,"column":null}},"29":{"start":{"line":167,"column":0},"end":{"line":167,"column":null}},"30":{"start":{"line":169,"column":29},"end":{"line":179,"column":null}},"31":{"start":{"line":173,"column":2},"end":{"line":177,"column":null}},"32":{"start":{"line":180,"column":0},"end":{"line":180,"column":null}}},"fnMap":{"0":{"name":"(anonymous_0)","decl":{"start":{"line":24,"column":2},"end":{"line":24,"column":3}},"loc":{"start":{"line":25,"column":2},"end":{"line":36,"column":null}}},"1":{"name":"(anonymous_1)","decl":{"start":{"line":44,"column":2},"end":{"line":44,"column":3}},"loc":{"start":{"line":45,"column":2},"end":{"line":52,"column":null}}},"2":{"name":"(anonymous_2)","decl":{"start":{"line":60,"column":2},"end":{"line":60,"column":3}},"loc":{"start":{"line":61,"column":2},"end":{"line":71,"column":null}}},"3":{"name":"(anonymous_3)","decl":{"start":{"line":80,"column":2},"end":{"line":80,"column":3}},"loc":{"start":{"line":81,"column":2},"end":{"line":89,"column":null}}},"4":{"name":"(anonymous_4)","decl":{"start":{"line":96,"column":2},"end":{"line":96,"column":3}},"loc":{"start":{"line":97,"column":2},"end":{"line":112,"column":null}}},"5":{"name":"(anonymous_5)","decl":{"start":{"line":120,"column":2},"end":{"line":120,"column":3}},"loc":{"start":{"line":121,"column":2},"end":{"line":135,"column":null}}},"6":{"name":"(anonymous_6)","decl":{"start":{"line":144,"column":2},"end":{"line":144,"column":3}},"loc":{"start":{"line":145,"column":2},"end":{"line":153,"column":null}}},"7":{"name":"(anonymous_7)","decl":{"start":{"line":160,"column":2},"end":{"line":160,"column":3}},"loc":{"start":{"line":161,"column":2},"end":{"line":165,"column":null}}},"8":{"name":"(anonymous_8)","decl":{"start":{"line":169,"column":29},"end":{"line":169,"column":30}},"loc":{"start":{"line":172,"column":45},"end":{"line":179,"column":null}}}},"branchMap":{"0":{"loc":{"start":{"line":29,"column":6},"end":{"line":29,"column":null}},"type":"binary-expr","locations":[{"start":{"line":29,"column":6},"end":{"line":29,"column":15}},{"start":{"line":29,"column":15},"end":{"line":29,"column":null}}]},"1":{"loc":{"start":{"line":60,"column":16},"end":{"line":60,"column":32}},"type":"default-arg","locations":[{"start":{"line":60,"column":29},"end":{"line":60,"column":32}}]},"2":{"loc":{"start":{"line":85,"column":6},"end":{"line":85,"column":null}},"type":"binary-expr","locations":[{"start":{"line":85,"column":6},"end":{"line":85,"column":15}},{"start":{"line":85,"column":15},"end":{"line":85,"column":null}}]},"3":{"loc":{"start":{"line":149,"column":6},"end":{"line":149,"column":null}},"type":"binary-expr","locations":[{"start":{"line":149,"column":6},"end":{"line":149,"column":15}},{"start":{"line":149,"column":15},"end":{"line":149,"column":null}}]}},"s":{"0":0,"1":0,"2":0,"3":0,"4":0,"5":0,"6":0,"7":0,"8":0,"9":0,"10":0,"11":0,"12":0,"13":0,"14":0,"15":0,"16":0,"17":0,"18":0,"19":0,"20":0,"21":0,"22":0,"23":0,"24":0,"25":0,"26":0,"27":0,"28":0,"29":0,"30":0,"31":0,"32":0},"f":{"0":0,"1":0,"2":0,"3":0,"4":0,"5":0,"6":0,"7":0,"8":0},"b":{"0":[0,0],"1":[0],"2":[0,0],"3":[0,0]}}
,"/Users/paulomoutinho/Rocketseat/react-training/pizza-shop/src/components/ui/hover-card.tsx": {"path":"/Users/paulomoutinho/Rocketseat/react-training/pizza-shop/src/components/ui/hover-card.tsx","statementMap":{"0":{"start":{"line":6,"column":18},"end":{"line":6,"column":null}},"1":{"start":{"line":8,"column":25},"end":{"line":8,"column":null}},"2":{"start":{"line":10,"column":25},"end":{"line":24,"column":null}},"3":{"start":{"line":14,"column":2},"end":{"line":23,"column":null}},"4":{"start":{"line":25,"column":0},"end":{"line":25,"column":null}}},"fnMap":{"0":{"name":"(anonymous_0)","decl":{"start":{"line":13,"column":2},"end":{"line":13,"column":3}},"loc":{"start":{"line":14,"column":2},"end":{"line":23,"column":null}}}},"branchMap":{"0":{"loc":{"start":{"line":13,"column":16},"end":{"line":13,"column":34}},"type":"default-arg","locations":[{"start":{"line":13,"column":24},"end":{"line":13,"column":34}}]},"1":{"loc":{"start":{"line":13,"column":34},"end":{"line":13,"column":50}},"type":"default-arg","locations":[{"start":{"line":13,"column":47},"end":{"line":13,"column":50}}]}},"s":{"0":0,"1":0,"2":0,"3":0,"4":0},"f":{"0":0},"b":{"0":[0],"1":[0]}}
,"/Users/paulomoutinho/Rocketseat/react-training/pizza-shop/src/components/ui/input.tsx": {"path":"/Users/paulomoutinho/Rocketseat/react-training/pizza-shop/src/components/ui/input.tsx","statementMap":{"0":{"start":{"line":8,"column":14},"end":{"line":22,"column":null}},"1":{"start":{"line":10,"column":4},"end":{"line":19,"column":null}},"2":{"start":{"line":23,"column":0},"end":{"line":23,"column":null}}},"fnMap":{"0":{"name":"(anonymous_0)","decl":{"start":{"line":9,"column":2},"end":{"line":9,"column":3}},"loc":{"start":{"line":9,"column":42},"end":{"line":21,"column":null}}}},"branchMap":{},"s":{"0":0,"1":0,"2":0},"f":{"0":0},"b":{}}
,"/Users/paulomoutinho/Rocketseat/react-training/pizza-shop/src/components/ui/label.tsx": {"path":"/Users/paulomoutinho/Rocketseat/react-training/pizza-shop/src/components/ui/label.tsx","statementMap":{"0":{"start":{"line":7,"column":22},"end":{"line":9,"column":null}},"1":{"start":{"line":11,"column":14},"end":{"line":21,"column":null}},"2":{"start":{"line":16,"column":2},"end":{"line":20,"column":null}},"3":{"start":{"line":22,"column":0},"end":{"line":22,"column":null}}},"fnMap":{"0":{"name":"(anonymous_0)","decl":{"start":{"line":15,"column":2},"end":{"line":15,"column":3}},"loc":{"start":{"line":16,"column":2},"end":{"line":20,"column":null}}}},"branchMap":{},"s":{"0":0,"1":0,"2":0,"3":0},"f":{"0":0},"b":{}}
,"/Users/paulomoutinho/Rocketseat/react-training/pizza-shop/src/components/ui/popover.tsx": {"path":"/Users/paulomoutinho/Rocketseat/react-training/pizza-shop/src/components/ui/popover.tsx","statementMap":{"0":{"start":{"line":6,"column":16},"end":{"line":6,"column":null}},"1":{"start":{"line":8,"column":23},"end":{"line":8,"column":null}},"2":{"start":{"line":10,"column":23},"end":{"line":26,"column":null}},"3":{"start":{"line":14,"column":2},"end":{"line":25,"column":null}},"4":{"start":{"line":27,"column":0},"end":{"line":27,"column":null}}},"fnMap":{"0":{"name":"(anonymous_0)","decl":{"start":{"line":13,"column":2},"end":{"line":13,"column":3}},"loc":{"start":{"line":14,"column":2},"end":{"line":25,"column":null}}}},"branchMap":{"0":{"loc":{"start":{"line":13,"column":16},"end":{"line":13,"column":34}},"type":"default-arg","locations":[{"start":{"line":13,"column":24},"end":{"line":13,"column":34}}]},"1":{"loc":{"start":{"line":13,"column":34},"end":{"line":13,"column":50}},"type":"default-arg","locations":[{"start":{"line":13,"column":47},"end":{"line":13,"column":50}}]}},"s":{"0":0,"1":0,"2":0,"3":0,"4":0},"f":{"0":0},"b":{"0":[0],"1":[0]}}
,"/Users/paulomoutinho/Rocketseat/react-training/pizza-shop/src/components/ui/select.tsx": {"path":"/Users/paulomoutinho/Rocketseat/react-training/pizza-shop/src/components/ui/select.tsx","statementMap":{"0":{"start":{"line":7,"column":15},"end":{"line":7,"column":null}},"1":{"start":{"line":9,"column":20},"end":{"line":9,"column":null}},"2":{"start":{"line":11,"column":20},"end":{"line":11,"column":null}},"3":{"start":{"line":13,"column":22},"end":{"line":30,"column":null}},"4":{"start":{"line":17,"column":2},"end":{"line":29,"column":null}},"5":{"start":{"line":31,"column":0},"end":{"line":31,"column":null}},"6":{"start":{"line":33,"column":29},"end":{"line":47,"column":null}},"7":{"start":{"line":37,"column":2},"end":{"line":46,"column":null}},"8":{"start":{"line":48,"column":0},"end":{"line":48,"column":null}},"9":{"start":{"line":50,"column":31},"end":{"line":64,"column":null}},"10":{"start":{"line":54,"column":2},"end":{"line":63,"column":null}},"11":{"start":{"line":65,"column":0},"end":{"line":66,"column":null}},"12":{"start":{"line":68,"column":22},"end":{"line":97,"column":null}},"13":{"start":{"line":72,"column":2},"end":{"line":96,"column":null}},"14":{"start":{"line":98,"column":0},"end":{"line":98,"column":null}},"15":{"start":{"line":100,"column":20},"end":{"line":109,"column":null}},"16":{"start":{"line":104,"column":2},"end":{"line":108,"column":null}},"17":{"start":{"line":110,"column":0},"end":{"line":110,"column":null}},"18":{"start":{"line":112,"column":19},"end":{"line":132,"column":null}},"19":{"start":{"line":116,"column":2},"end":{"line":131,"column":null}},"20":{"start":{"line":133,"column":0},"end":{"line":133,"column":null}},"21":{"start":{"line":135,"column":24},"end":{"line":144,"column":null}},"22":{"start":{"line":139,"column":2},"end":{"line":143,"column":null}},"23":{"start":{"line":145,"column":0},"end":{"line":145,"column":null}}},"fnMap":{"0":{"name":"(anonymous_0)","decl":{"start":{"line":16,"column":2},"end":{"line":16,"column":3}},"loc":{"start":{"line":17,"column":2},"end":{"line":29,"column":null}}},"1":{"name":"(anonymous_1)","decl":{"start":{"line":36,"column":2},"end":{"line":36,"column":3}},"loc":{"start":{"line":37,"column":2},"end":{"line":46,"column":null}}},"2":{"name":"(anonymous_2)","decl":{"start":{"line":53,"column":2},"end":{"line":53,"column":3}},"loc":{"start":{"line":54,"column":2},"end":{"line":63,"column":null}}},"3":{"name":"(anonymous_3)","decl":{"start":{"line":71,"column":2},"end":{"line":71,"column":3}},"loc":{"start":{"line":72,"column":2},"end":{"line":96,"column":null}}},"4":{"name":"(anonymous_4)","decl":{"start":{"line":103,"column":2},"end":{"line":103,"column":3}},"loc":{"start":{"line":104,"column":2},"end":{"line":108,"column":null}}},"5":{"name":"(anonymous_5)","decl":{"start":{"line":115,"column":2},"end":{"line":115,"column":3}},"loc":{"start":{"line":116,"column":2},"end":{"line":131,"column":null}}},"6":{"name":"(anonymous_6)","decl":{"start":{"line":138,"column":2},"end":{"line":138,"column":3}},"loc":{"start":{"line":139,"column":2},"end":{"line":143,"column":null}}}},"branchMap":{"0":{"loc":{"start":{"line":71,"column":26},"end":{"line":71,"column":47}},"type":"default-arg","locations":[{"start":{"line":71,"column":37},"end":{"line":71,"column":47}}]},"1":{"loc":{"start":{"line":77,"column":8},"end":{"line":78,"column":null}},"type":"binary-expr","locations":[{"start":{"line":77,"column":8},"end":{"line":77,"column":null}},{"start":{"line":78,"column":10},"end":{"line":78,"column":null}}]},"2":{"loc":{"start":{"line":88,"column":10},"end":{"line":89,"column":null}},"type":"binary-expr","locations":[{"start":{"line":88,"column":10},"end":{"line":88,"column":null}},{"start":{"line":89,"column":12},"end":{"line":89,"column":null}}]}},"s":{"0":0,"1":0,"2":0,"3":0,"4":0,"5":0,"6":0,"7":0,"8":0,"9":0,"10":0,"11":0,"12":0,"13":0,"14":0,"15":0,"16":0,"17":0,"18":0,"19":0,"20":0,"21":0,"22":0,"23":0},"f":{"0":0,"1":0,"2":0,"3":0,"4":0,"5":0,"6":0},"b":{"0":[0],"1":[0,0],"2":[0,0]}}
,"/Users/paulomoutinho/Rocketseat/react-training/pizza-shop/src/components/ui/separator.tsx": {"path":"/Users/paulomoutinho/Rocketseat/react-training/pizza-shop/src/components/ui/separator.tsx","statementMap":{"0":{"start":{"line":6,"column":18},"end":{"line":26,"column":null}},"1":{"start":{"line":14,"column":4},"end":{"line":24,"column":null}},"2":{"start":{"line":27,"column":0},"end":{"line":27,"column":null}}},"fnMap":{"0":{"name":"(anonymous_0)","decl":{"start":{"line":10,"column":2},"end":{"line":10,"column":null}},"loc":{"start":{"line":14,"column":4},"end":{"line":24,"column":null}}}},"branchMap":{"0":{"loc":{"start":{"line":11,"column":17},"end":{"line":11,"column":45}},"type":"default-arg","locations":[{"start":{"line":11,"column":31},"end":{"line":11,"column":45}}]},"1":{"loc":{"start":{"line":11,"column":45},"end":{"line":11,"column":64}},"type":"default-arg","locations":[{"start":{"line":11,"column":58},"end":{"line":11,"column":64}}]},"2":{"loc":{"start":{"line":20,"column":8},"end":{"line":20,"column":null}},"type":"cond-expr","locations":[{"start":{"line":20,"column":39},"end":{"line":20,"column":58}},{"start":{"line":20,"column":58},"end":{"line":20,"column":null}}]}},"s":{"0":0,"1":0,"2":0},"f":{"0":0},"b":{"0":[0],"1":[0],"2":[0,0]}}
,"/Users/paulomoutinho/Rocketseat/react-training/pizza-shop/src/components/ui/skeleton.tsx": {"path":"/Users/paulomoutinho/Rocketseat/react-training/pizza-shop/src/components/ui/skeleton.tsx","statementMap":{"0":{"start":{"line":7,"column":2},"end":{"line":11,"column":null}}},"fnMap":{"0":{"name":"Skeleton","decl":{"start":{"line":3,"column":9},"end":{"line":3,"column":18}},"loc":{"start":{"line":6,"column":41},"end":{"line":13,"column":null}}}},"branchMap":{},"s":{"0":0},"f":{"0":0},"b":{}}
,"/Users/paulomoutinho/Rocketseat/react-training/pizza-shop/src/components/ui/table.tsx": {"path":"/Users/paulomoutinho/Rocketseat/react-training/pizza-shop/src/components/ui/table.tsx","statementMap":{"0":{"start":{"line":5,"column":14},"end":{"line":16,"column":null}},"1":{"start":{"line":9,"column":2},"end":{"line":15,"column":null}},"2":{"start":{"line":17,"column":0},"end":{"line":17,"column":null}},"3":{"start":{"line":19,"column":20},"end":{"line":24,"column":null}},"4":{"start":{"line":23,"column":2},"end":{"line":23,"column":null}},"5":{"start":{"line":25,"column":0},"end":{"line":25,"column":null}},"6":{"start":{"line":27,"column":18},"end":{"line":36,"column":null}},"7":{"start":{"line":31,"column":2},"end":{"line":35,"column":null}},"8":{"start":{"line":37,"column":0},"end":{"line":37,"column":null}},"9":{"start":{"line":39,"column":20},"end":{"line":51,"column":null}},"10":{"start":{"line":43,"column":2},"end":{"line":50,"column":null}},"11":{"start":{"line":52,"column":0},"end":{"line":52,"column":null}},"12":{"start":{"line":54,"column":17},"end":{"line":66,"column":null}},"13":{"start":{"line":58,"column":2},"end":{"line":65,"column":null}},"14":{"start":{"line":67,"column":0},"end":{"line":67,"column":null}},"15":{"start":{"line":69,"column":18},"end":{"line":81,"column":null}},"16":{"start":{"line":73,"column":2},"end":{"line":80,"column":null}},"17":{"start":{"line":82,"column":0},"end":{"line":82,"column":null}},"18":{"start":{"line":84,"column":18},"end":{"line":93,"column":null}},"19":{"start":{"line":88,"column":2},"end":{"line":92,"column":null}},"20":{"start":{"line":94,"column":0},"end":{"line":94,"column":null}},"21":{"start":{"line":96,"column":21},"end":{"line":105,"column":null}},"22":{"start":{"line":100,"column":2},"end":{"line":104,"column":null}},"23":{"start":{"line":106,"column":0},"end":{"line":106,"column":null}}},"fnMap":{"0":{"name":"(anonymous_0)","decl":{"start":{"line":8,"column":2},"end":{"line":8,"column":3}},"loc":{"start":{"line":9,"column":2},"end":{"line":15,"column":null}}},"1":{"name":"(anonymous_1)","decl":{"start":{"line":22,"column":2},"end":{"line":22,"column":3}},"loc":{"start":{"line":23,"column":2},"end":{"line":23,"column":null}}},"2":{"name":"(anonymous_2)","decl":{"start":{"line":30,"column":2},"end":{"line":30,"column":3}},"loc":{"start":{"line":31,"column":2},"end":{"line":35,"column":null}}},"3":{"name":"(anonymous_3)","decl":{"start":{"line":42,"column":2},"end":{"line":42,"column":3}},"loc":{"start":{"line":43,"column":2},"end":{"line":50,"column":null}}},"4":{"name":"(anonymous_4)","decl":{"start":{"line":57,"column":2},"end":{"line":57,"column":3}},"loc":{"start":{"line":58,"column":2},"end":{"line":65,"column":null}}},"5":{"name":"(anonymous_5)","decl":{"start":{"line":72,"column":2},"end":{"line":72,"column":3}},"loc":{"start":{"line":73,"column":2},"end":{"line":80,"column":null}}},"6":{"name":"(anonymous_6)","decl":{"start":{"line":87,"column":2},"end":{"line":87,"column":3}},"loc":{"start":{"line":88,"column":2},"end":{"line":92,"column":null}}},"7":{"name":"(anonymous_7)","decl":{"start":{"line":99,"column":2},"end":{"line":99,"column":3}},"loc":{"start":{"line":100,"column":2},"end":{"line":104,"column":null}}}},"branchMap":{},"s":{"0":0,"1":0,"2":0,"3":0,"4":0,"5":0,"6":0,"7":0,"8":0,"9":0,"10":0,"11":0,"12":0,"13":0,"14":0,"15":0,"16":0,"17":0,"18":0,"19":0,"20":0,"21":0,"22":0,"23":0},"f":{"0":0,"1":0,"2":0,"3":0,"4":0,"5":0,"6":0,"7":0},"b":{}}
,"/Users/paulomoutinho/Rocketseat/react-training/pizza-shop/src/components/ui/textarea.tsx": {"path":"/Users/paulomoutinho/Rocketseat/react-training/pizza-shop/src/components/ui/textarea.tsx","statementMap":{"0":{"start":{"line":8,"column":17},"end":{"line":21,"column":null}},"1":{"start":{"line":10,"column":4},"end":{"line":18,"column":null}},"2":{"start":{"line":22,"column":0},"end":{"line":22,"column":null}}},"fnMap":{"0":{"name":"(anonymous_0)","decl":{"start":{"line":9,"column":2},"end":{"line":9,"column":3}},"loc":{"start":{"line":9,"column":36},"end":{"line":20,"column":null}}}},"branchMap":{},"s":{"0":0,"1":0,"2":0},"f":{"0":0},"b":{}}
,"/Users/paulomoutinho/Rocketseat/react-training/pizza-shop/src/pages/app/dashboard/index.tsx": {"path":"/Users/paulomoutinho/Rocketseat/react-training/pizza-shop/src/pages/app/dashboard/index.tsx","statementMap":{"0":{"start":{"line":13,"column":25},"end":{"line":42,"column":null}},"1":{"start":{"line":14,"column":49},"end":{"line":18,"column":null}},"2":{"start":{"line":20,"column":2},"end":{"line":40,"column":null}}},"fnMap":{"0":{"name":"(anonymous_0)","decl":{"start":{"line":13,"column":25},"end":{"line":13,"column":31}},"loc":{"start":{"line":13,"column":31},"end":{"line":42,"column":null}}}},"branchMap":{"0":{"loc":{"start":{"line":23,"column":30},"end":{"line":23,"column":83}},"type":"cond-expr","locations":[{"start":{"line":23,"column":42},"end":{"line":23,"column":60}},{"start":{"line":23,"column":60},"end":{"line":23,"column":83}}]}},"s":{"0":0,"1":0,"2":0},"f":{"0":0},"b":{"0":[0,0]}}
,"/Users/paulomoutinho/Rocketseat/react-training/pizza-shop/src/pages/app/dashboard/modules/day-orders-amount-card.tsx": {"path":"/Users/paulomoutinho/Rocketseat/react-training/pizza-shop/src/pages/app/dashboard/modules/day-orders-amount-card.tsx","statementMap":{"0":{"start":{"line":9,"column":35},"end":{"line":52,"column":null}},"1":{"start":{"line":10,"column":36},"end":{"line":14,"column":null}},"2":{"start":{"line":16,"column":2},"end":{"line":50,"column":null}}},"fnMap":{"0":{"name":"(anonymous_0)","decl":{"start":{"line":9,"column":35},"end":{"line":9,"column":41}},"loc":{"start":{"line":9,"column":41},"end":{"line":52,"column":null}}}},"branchMap":{"0":{"loc":{"start":{"line":23,"column":9},"end":{"line":47,"column":null}},"type":"cond-expr","locations":[{"start":{"line":24,"column":10},"end":{"line":45,"column":null}},{"start":{"line":47,"column":10},"end":{"line":47,"column":null}}]},"1":{"loc":{"start":{"line":29,"column":15},"end":{"line":42,"column":null}},"type":"cond-expr","locations":[{"start":{"line":30,"column":16},"end":{"line":35,"column":null}},{"start":{"line":37,"column":16},"end":{"line":42,"column":null}}]}},"s":{"0":0,"1":0,"2":0},"f":{"0":0},"b":{"0":[0,0],"1":[0,0]}}
,"/Users/paulomoutinho/Rocketseat/react-training/pizza-shop/src/pages/app/dashboard/modules/month-canceled-orders-amount.tsx": {"path":"/Users/paulomoutinho/Rocketseat/react-training/pizza-shop/src/pages/app/dashboard/modules/month-canceled-orders-amount.tsx","statementMap":{"0":{"start":{"line":9,"column":41},"end":{"line":54,"column":null}},"1":{"start":{"line":10,"column":46},"end":{"line":14,"column":null}},"2":{"start":{"line":16,"column":2},"end":{"line":52,"column":null}}},"fnMap":{"0":{"name":"(anonymous_0)","decl":{"start":{"line":9,"column":41},"end":{"line":9,"column":47}},"loc":{"start":{"line":9,"column":47},"end":{"line":54,"column":null}}}},"branchMap":{"0":{"loc":{"start":{"line":25,"column":9},"end":{"line":49,"column":null}},"type":"cond-expr","locations":[{"start":{"line":26,"column":10},"end":{"line":47,"column":null}},{"start":{"line":49,"column":10},"end":{"line":49,"column":null}}]},"1":{"loc":{"start":{"line":31,"column":15},"end":{"line":44,"column":null}},"type":"cond-expr","locations":[{"start":{"line":32,"column":16},"end":{"line":37,"column":null}},{"start":{"line":39,"column":16},"end":{"line":44,"column":null}}]}},"s":{"0":0,"1":0,"2":0},"f":{"0":0},"b":{"0":[0,0],"1":[0,0]}}
,"/Users/paulomoutinho/Rocketseat/react-training/pizza-shop/src/pages/app/dashboard/modules/month-orders-amount-card.tsx": {"path":"/Users/paulomoutinho/Rocketseat/react-training/pizza-shop/src/pages/app/dashboard/modules/month-orders-amount-card.tsx","statementMap":{"0":{"start":{"line":9,"column":37},"end":{"line":52,"column":null}},"1":{"start":{"line":10,"column":38},"end":{"line":14,"column":null}},"2":{"start":{"line":16,"column":2},"end":{"line":50,"column":null}}},"fnMap":{"0":{"name":"(anonymous_0)","decl":{"start":{"line":9,"column":37},"end":{"line":9,"column":43}},"loc":{"start":{"line":9,"column":43},"end":{"line":52,"column":null}}}},"branchMap":{"0":{"loc":{"start":{"line":23,"column":9},"end":{"line":47,"column":null}},"type":"cond-expr","locations":[{"start":{"line":24,"column":10},"end":{"line":45,"column":null}},{"start":{"line":47,"column":10},"end":{"line":47,"column":null}}]},"1":{"loc":{"start":{"line":29,"column":15},"end":{"line":42,"column":null}},"type":"cond-expr","locations":[{"start":{"line":30,"column":16},"end":{"line":35,"column":null}},{"start":{"line":37,"column":16},"end":{"line":42,"column":null}}]}},"s":{"0":0,"1":0,"2":0},"f":{"0":0},"b":{"0":[0,0],"1":[0,0]}}
,"/Users/paulomoutinho/Rocketseat/react-training/pizza-shop/src/pages/app/dashboard/modules/month-revenue-card.tsx": {"path":"/Users/paulomoutinho/Rocketseat/react-training/pizza-shop/src/pages/app/dashboard/modules/month-revenue-card.tsx","statementMap":{"0":{"start":{"line":10,"column":32},"end":{"line":55,"column":null}},"1":{"start":{"line":11,"column":33},"end":{"line":15,"column":null}},"2":{"start":{"line":17,"column":2},"end":{"line":53,"column":null}}},"fnMap":{"0":{"name":"(anonymous_0)","decl":{"start":{"line":10,"column":32},"end":{"line":10,"column":38}},"loc":{"start":{"line":10,"column":38},"end":{"line":55,"column":null}}}},"branchMap":{"0":{"loc":{"start":{"line":26,"column":9},"end":{"line":50,"column":null}},"type":"cond-expr","locations":[{"start":{"line":27,"column":10},"end":{"line":48,"column":null}},{"start":{"line":50,"column":10},"end":{"line":50,"column":null}}]},"1":{"loc":{"start":{"line":32,"column":15},"end":{"line":45,"column":null}},"type":"cond-expr","locations":[{"start":{"line":33,"column":16},"end":{"line":38,"column":null}},{"start":{"line":40,"column":16},"end":{"line":45,"column":null}}]}},"s":{"0":0,"1":0,"2":0},"f":{"0":0},"b":{"0":[0,0],"1":[0,0]}}
,"/Users/paulomoutinho/Rocketseat/react-training/pizza-shop/src/pages/app/dashboard/modules/popular-product-charts.tsx": {"path":"/Users/paulomoutinho/Rocketseat/react-training/pizza-shop/src/pages/app/dashboard/modules/popular-product-charts.tsx","statementMap":{"0":{"start":{"line":9,"column":15},"end":{"line":15,"column":null}},"1":{"start":{"line":17,"column":35},"end":{"line":99,"column":null}},"2":{"start":{"line":18,"column":36},"end":{"line":22,"column":null}},"3":{"start":{"line":24,"column":2},"end":{"line":97,"column":null}},"4":{"start":{"line":57,"column":33},"end":{"line":57,"column":null}},"5":{"start":{"line":58,"column":33},"end":{"line":58,"column":null}},"6":{"start":{"line":59,"column":28},"end":{"line":59,"column":null}},"7":{"start":{"line":60,"column":28},"end":{"line":60,"column":null}},"8":{"start":{"line":61,"column":18},"end":{"line":75,"column":null}},"9":{"start":{"line":80,"column":18},"end":{"line":85,"column":null}}},"fnMap":{"0":{"name":"(anonymous_0)","decl":{"start":{"line":17,"column":35},"end":{"line":17,"column":41}},"loc":{"start":{"line":17,"column":41},"end":{"line":99,"column":null}}},"1":{"name":"(anonymous_1)","decl":{"start":{"line":48,"column":23},"end":{"line":48,"column":24}},"loc":{"start":{"line":56,"column":22},"end":{"line":77,"column":null}}},"2":{"name":"(anonymous_2)","decl":{"start":{"line":79,"column":37},"end":{"line":79,"column":38}},"loc":{"start":{"line":79,"column":51},"end":{"line":87,"column":17}}}},"branchMap":{"0":{"loc":{"start":{"line":35,"column":9},"end":{"line":94,"column":null}},"type":"cond-expr","locations":[{"start":{"line":36,"column":10},"end":{"line":90,"column":null}},{"start":{"line":92,"column":10},"end":{"line":94,"column":null}}]},"1":{"loc":{"start":{"line":66,"column":34},"end":{"line":66,"column":null}},"type":"cond-expr","locations":[{"start":{"line":66,"column":43},"end":{"line":66,"column":53}},{"start":{"line":66,"column":53},"end":{"line":66,"column":null}}]},"2":{"loc":{"start":{"line":69,"column":23},"end":{"line":73,"column":58}},"type":"cond-expr","locations":[{"start":{"line":70,"column":26},"end":{"line":72,"column":null}},{"start":{"line":73,"column":26},"end":{"line":73,"column":58}}]}},"s":{"0":0,"1":0,"2":0,"3":0,"4":0,"5":0,"6":0,"7":0,"8":0,"9":0},"f":{"0":0,"1":0,"2":0},"b":{"0":[0,0],"1":[0,0],"2":[0,0]}}
,"/Users/paulomoutinho/Rocketseat/react-training/pizza-shop/src/pages/app/dashboard/modules/revenue-chart.tsx": {"path":"/Users/paulomoutinho/Rocketseat/react-training/pizza-shop/src/pages/app/dashboard/modules/revenue-chart.tsx","statementMap":{"0":{"start":{"line":28,"column":28},"end":{"line":103,"column":null}},"1":{"start":{"line":29,"column":36},"end":{"line":32,"column":null}},"2":{"start":{"line":34,"column":41},"end":{"line":42,"column":null}},"3":{"start":{"line":37,"column":6},"end":{"line":40,"column":null}},"4":{"start":{"line":44,"column":20},"end":{"line":51,"column":null}},"5":{"start":{"line":45,"column":4},"end":{"line":50,"column":null}},"6":{"start":{"line":46,"column":6},"end":{"line":49,"column":null}},"7":{"start":{"line":53,"column":2},"end":{"line":101,"column":null}},"8":{"start":{"line":84,"column":50},"end":{"line":84,"column":null}}},"fnMap":{"0":{"name":"(anonymous_0)","decl":{"start":{"line":28,"column":28},"end":{"line":28,"column":34}},"loc":{"start":{"line":28,"column":34},"end":{"line":103,"column":null}}},"1":{"name":"(anonymous_1)","decl":{"start":{"line":36,"column":13},"end":{"line":36,"column":null}},"loc":{"start":{"line":37,"column":6},"end":{"line":40,"column":null}}},"2":{"name":"(anonymous_2)","decl":{"start":{"line":44,"column":28},"end":{"line":44,"column":34}},"loc":{"start":{"line":44,"column":34},"end":{"line":51,"column":5}}},"3":{"name":"(anonymous_3)","decl":{"start":{"line":45,"column":37},"end":{"line":45,"column":38}},"loc":{"start":{"line":45,"column":52},"end":{"line":50,"column":5}}},"4":{"name":"(anonymous_4)","decl":{"start":{"line":84,"column":31},"end":{"line":84,"column":32}},"loc":{"start":{"line":84,"column":50},"end":{"line":84,"column":null}}}},"branchMap":{"0":{"loc":{"start":{"line":69,"column":9},"end":{"line":98,"column":null}},"type":"cond-expr","locations":[{"start":{"line":70,"column":10},"end":{"line":94,"column":null}},{"start":{"line":96,"column":10},"end":{"line":98,"column":null}}]}},"s":{"0":0,"1":0,"2":0,"3":0,"4":0,"5":0,"6":0,"7":0,"8":0},"f":{"0":0,"1":0,"2":0,"3":0,"4":0},"b":{"0":[0,0]}}
,"/Users/paulomoutinho/Rocketseat/react-training/pizza-shop/src/pages/app/orders/index.tsx": {"path":"/Users/paulomoutinho/Rocketseat/react-training/pizza-shop/src/pages/app/orders/index.tsx","statementMap":{"0":{"start":{"line":21,"column":22},"end":{"line":105,"column":null}},"1":{"start":{"line":22,"column":42},"end":{"line":22,"column":null}},"2":{"start":{"line":24,"column":18},"end":{"line":24,"column":null}},"3":{"start":{"line":25,"column":23},"end":{"line":25,"column":null}},"4":{"start":{"line":26,"column":17},"end":{"line":26,"column":null}},"5":{"start":{"line":28,"column":20},"end":{"line":31,"column":null}},"6":{"start":{"line":30,"column":25},"end":{"line":30,"column":33}},"7":{"start":{"line":33,"column":25},"end":{"line":39,"column":null}},"8":{"start":{"line":34,"column":4},"end":{"line":38,"column":null}},"9":{"start":{"line":35,"column":6},"end":{"line":35,"column":null}},"10":{"start":{"line":37,"column":6},"end":{"line":37,"column":null}},"11":{"start":{"line":41,"column":49},"end":{"line":45,"column":null}},"12":{"start":{"line":47,"column":60},"end":{"line":57,"column":null}},"13":{"start":{"line":50,"column":6},"end":{"line":55,"column":null}},"14":{"start":{"line":59,"column":2},"end":{"line":103,"column":null}},"15":{"start":{"line":88,"column":20},"end":{"line":88,"column":null}}},"fnMap":{"0":{"name":"(anonymous_0)","decl":{"start":{"line":21,"column":22},"end":{"line":21,"column":28}},"loc":{"start":{"line":21,"column":28},"end":{"line":105,"column":null}}},"1":{"name":"(anonymous_1)","decl":{"start":{"line":30,"column":15},"end":{"line":30,"column":16}},"loc":{"start":{"line":30,"column":25},"end":{"line":30,"column":33}}},"2":{"name":"(anonymous_2)","decl":{"start":{"line":33,"column":25},"end":{"line":33,"column":26}},"loc":{"start":{"line":33,"column":48},"end":{"line":39,"column":null}}},"3":{"name":"(anonymous_3)","decl":{"start":{"line":34,"column":20},"end":{"line":34,"column":21}},"loc":{"start":{"line":34,"column":30},"end":{"line":38,"column":5}}},"4":{"name":"(anonymous_4)","decl":{"start":{"line":49,"column":13},"end":{"line":49,"column":null}},"loc":{"start":{"line":50,"column":6},"end":{"line":55,"column":null}}},"5":{"name":"(anonymous_5)","decl":{"start":{"line":87,"column":41},"end":{"line":87,"column":42}},"loc":{"start":{"line":88,"column":20},"end":{"line":88,"column":null}}}},"branchMap":{"0":{"loc":{"start":{"line":31,"column":11},"end":{"line":31,"column":42}},"type":"binary-expr","locations":[{"start":{"line":31,"column":11},"end":{"line":31,"column":39}},{"start":{"line":31,"column":39},"end":{"line":31,"column":42}}]},"1":{"loc":{"start":{"line":54,"column":16},"end":{"line":54,"column":null}},"type":"cond-expr","locations":[{"start":{"line":54,"column":35},"end":{"line":54,"column":42}},{"start":{"line":54,"column":42},"end":{"line":54,"column":null}}]},"2":{"loc":{"start":{"line":62,"column":28},"end":{"line":62,"column":81}},"type":"cond-expr","locations":[{"start":{"line":62,"column":40},"end":{"line":62,"column":58}},{"start":{"line":62,"column":58},"end":{"line":62,"column":81}}]},"3":{"loc":{"start":{"line":85,"column":17},"end":{"line":85,"column":null}},"type":"binary-expr","locations":[{"start":{"line":85,"column":17},"end":{"line":85,"column":36}},{"start":{"line":85,"column":36},"end":{"line":85,"column":null}}]},"4":{"loc":{"start":{"line":86,"column":17},"end":{"line":89,"column":null}},"type":"binary-expr","locations":[{"start":{"line":86,"column":17},"end":{"line":86,"column":null}},{"start":{"line":87,"column":18},"end":{"line":89,"column":null}}]},"5":{"loc":{"start":{"line":93,"column":11},"end":{"line":99,"column":null}},"type":"binary-expr","locations":[{"start":{"line":93,"column":11},"end":{"line":93,"column":null}},{"start":{"line":94,"column":12},"end":{"line":99,"column":null}}]}},"s":{"0":0,"1":0,"2":0,"3":0,"4":0,"5":0,"6":0,"7":0,"8":0,"9":0,"10":0,"11":0,"12":0,"13":0,"14":0,"15":0},"f":{"0":0,"1":0,"2":0,"3":0,"4":0,"5":0},"b":{"0":[0,0],"1":[0,0],"2":[0,0],"3":[0,0],"4":[0,0],"5":[0,0]}}
,"/Users/paulomoutinho/Rocketseat/react-training/pizza-shop/src/pages/app/orders/modules/order-details.tsx": {"path":"/Users/paulomoutinho/Rocketseat/react-training/pizza-shop/src/pages/app/orders/modules/order-details.tsx","statementMap":{"0":{"start":{"line":28,"column":0},"end":{"line":28,"column":null}},"1":{"start":{"line":36,"column":28},"end":{"line":140,"column":null}},"2":{"start":{"line":37,"column":26},"end":{"line":42,"column":null}},"3":{"start":{"line":39,"column":19},"end":{"line":39,"column":null}},"4":{"start":{"line":44,"column":2},"end":{"line":138,"column":null}},"5":{"start":{"line":108,"column":16},"end":{"line":120,"column":null}}},"fnMap":{"0":{"name":"(anonymous_0)","decl":{"start":{"line":36,"column":28},"end":{"line":36,"column":29}},"loc":{"start":{"line":36,"column":73},"end":{"line":140,"column":null}}},"1":{"name":"(anonymous_1)","decl":{"start":{"line":39,"column":13},"end":{"line":39,"column":19}},"loc":{"start":{"line":39,"column":19},"end":{"line":39,"column":null}}},"2":{"name":"(anonymous_2)","decl":{"start":{"line":107,"column":36},"end":{"line":107,"column":37}},"loc":{"start":{"line":107,"column":46},"end":{"line":122,"column":15}}}},"branchMap":{"0":{"loc":{"start":{"line":51,"column":7},"end":{"line":136,"column":null}},"type":"cond-expr","locations":[{"start":{"line":52,"column":8},"end":{"line":134,"column":null}},{"start":{"line":136,"column":8},"end":{"line":136,"column":null}}]},"1":{"loc":{"start":{"line":74,"column":19},"end":{"line":74,"column":null}},"type":"binary-expr","locations":[{"start":{"line":74,"column":19},"end":{"line":74,"column":43}},{"start":{"line":74,"column":43},"end":{"line":74,"column":null}}]}},"s":{"0":0,"1":0,"2":0,"3":0,"4":0,"5":0},"f":{"0":0,"1":0,"2":0},"b":{"0":[0,0],"1":[0,0]}}
,"/Users/paulomoutinho/Rocketseat/react-training/pizza-shop/src/pages/app/orders/modules/order-status.tsx": {"path":"/Users/paulomoutinho/Rocketseat/react-training/pizza-shop/src/pages/app/orders/modules/order-status.tsx","statementMap":{"0":{"start":{"line":1,"column":7},"end":{"line":1,"column":null}},"1":{"start":{"line":2,"column":2},"end":{"line":2,"column":null}},"2":{"start":{"line":3,"column":2},"end":{"line":3,"column":null}},"3":{"start":{"line":4,"column":2},"end":{"line":4,"column":null}},"4":{"start":{"line":5,"column":2},"end":{"line":5,"column":null}},"5":{"start":{"line":6,"column":2},"end":{"line":6,"column":null}},"6":{"start":{"line":1,"column":12},"end":{"line":1,"column":null}},"7":{"start":{"line":13,"column":56},"end":{"line":19,"column":null}},"8":{"start":{"line":21,"column":56},"end":{"line":27,"column":null}},"9":{"start":{"line":29,"column":27},"end":{"line":41,"column":null}},"10":{"start":{"line":30,"column":2},"end":{"line":39,"column":null}}},"fnMap":{"0":{"name":"(anonymous_0)","decl":{"start":{"line":1,"column":7},"end":{"line":1,"column":12}},"loc":{"start":{"line":1,"column":7},"end":{"line":1,"column":null}}},"1":{"name":"(anonymous_1)","decl":{"start":{"line":29,"column":27},"end":{"line":29,"column":28}},"loc":{"start":{"line":29,"column":61},"end":{"line":41,"column":null}}}},"branchMap":{"0":{"loc":{"start":{"line":1,"column":12},"end":{"line":1,"column":null}},"type":"binary-expr","locations":[{"start":{"line":1,"column":12},"end":{"line":1,"column":null}},{"start":{"line":1,"column":12},"end":{"line":1,"column":null}}]}},"s":{"0":1,"1":1,"2":1,"3":1,"4":1,"5":1,"6":1,"7":1,"8":1,"9":1,"10":3},"f":{"0":1,"1":3},"b":{"0":[1,1]}}
,"/Users/paulomoutinho/Rocketseat/react-training/pizza-shop/src/pages/app/orders/modules/order-table-filter.tsx": {"path":"/Users/paulomoutinho/Rocketseat/react-training/pizza-shop/src/pages/app/orders/modules/order-table-filter.tsx","statementMap":{"0":{"start":{"line":17,"column":26},"end":{"line":21,"column":null}},"1":{"start":{"line":25,"column":32},"end":{"line":141,"column":null}},"2":{"start":{"line":26,"column":42},"end":{"line":26,"column":null}},"3":{"start":{"line":28,"column":18},"end":{"line":28,"column":null}},"4":{"start":{"line":29,"column":23},"end":{"line":29,"column":null}},"5":{"start":{"line":30,"column":17},"end":{"line":30,"column":null}},"6":{"start":{"line":32,"column":53},"end":{"line":39,"column":null}},"7":{"start":{"line":41,"column":23},"end":{"line":65,"column":null}},"8":{"start":{"line":42,"column":4},"end":{"line":64,"column":null}},"9":{"start":{"line":43,"column":6},"end":{"line":47,"column":null}},"10":{"start":{"line":44,"column":8},"end":{"line":44,"column":null}},"11":{"start":{"line":46,"column":8},"end":{"line":46,"column":null}},"12":{"start":{"line":49,"column":6},"end":{"line":53,"column":null}},"13":{"start":{"line":50,"column":8},"end":{"line":50,"column":null}},"14":{"start":{"line":52,"column":8},"end":{"line":52,"column":null}},"15":{"start":{"line":55,"column":6},"end":{"line":59,"column":null}},"16":{"start":{"line":56,"column":8},"end":{"line":56,"column":null}},"17":{"start":{"line":58,"column":8},"end":{"line":58,"column":null}},"18":{"start":{"line":61,"column":6},"end":{"line":61,"column":null}},"19":{"start":{"line":63,"column":6},"end":{"line":63,"column":null}},"20":{"start":{"line":67,"column":29},"end":{"line":78,"column":null}},"21":{"start":{"line":68,"column":4},"end":{"line":77,"column":null}},"22":{"start":{"line":69,"column":6},"end":{"line":69,"column":null}},"23":{"start":{"line":70,"column":6},"end":{"line":70,"column":null}},"24":{"start":{"line":71,"column":6},"end":{"line":71,"column":null}},"25":{"start":{"line":72,"column":6},"end":{"line":72,"column":null}},"26":{"start":{"line":74,"column":6},"end":{"line":74,"column":null}},"27":{"start":{"line":76,"column":6},"end":{"line":76,"column":null}},"28":{"start":{"line":80,"column":2},"end":{"line":139,"column":null}},"29":{"start":{"line":101,"column":10},"end":{"line":120,"column":null}}},"fnMap":{"0":{"name":"(anonymous_0)","decl":{"start":{"line":25,"column":32},"end":{"line":25,"column":38}},"loc":{"start":{"line":25,"column":38},"end":{"line":141,"column":null}}},"1":{"name":"(anonymous_1)","decl":{"start":{"line":41,"column":23},"end":{"line":41,"column":24}},"loc":{"start":{"line":41,"column":79},"end":{"line":65,"column":null}}},"2":{"name":"(anonymous_2)","decl":{"start":{"line":42,"column":20},"end":{"line":42,"column":21}},"loc":{"start":{"line":42,"column":31},"end":{"line":64,"column":5}}},"3":{"name":"(anonymous_3)","decl":{"start":{"line":67,"column":29},"end":{"line":67,"column":35}},"loc":{"start":{"line":67,"column":35},"end":{"line":78,"column":null}}},"4":{"name":"(anonymous_4)","decl":{"start":{"line":68,"column":20},"end":{"line":68,"column":21}},"loc":{"start":{"line":68,"column":31},"end":{"line":77,"column":5}}},"5":{"name":"(anonymous_5)","decl":{"start":{"line":100,"column":16},"end":{"line":100,"column":17}},"loc":{"start":{"line":100,"column":68},"end":{"line":122,"column":null}}}},"branchMap":{"0":{"loc":{"start":{"line":35,"column":15},"end":{"line":35,"column":null}},"type":"binary-expr","locations":[{"start":{"line":35,"column":15},"end":{"line":35,"column":26}},{"start":{"line":35,"column":26},"end":{"line":35,"column":null}}]},"1":{"loc":{"start":{"line":36,"column":20},"end":{"line":36,"column":null}},"type":"binary-expr","locations":[{"start":{"line":36,"column":20},"end":{"line":36,"column":36}},{"start":{"line":36,"column":36},"end":{"line":36,"column":null}}]},"2":{"loc":{"start":{"line":37,"column":14},"end":{"line":37,"column":null}},"type":"binary-expr","locations":[{"start":{"line":37,"column":14},"end":{"line":37,"column":24}},{"start":{"line":37,"column":24},"end":{"line":37,"column":null}}]},"3":{"loc":{"start":{"line":43,"column":6},"end":{"line":47,"column":null}},"type":"if","locations":[{"start":{"line":43,"column":6},"end":{"line":47,"column":null}},{"start":{"line":45,"column":13},"end":{"line":47,"column":null}}]},"4":{"loc":{"start":{"line":49,"column":6},"end":{"line":53,"column":null}},"type":"if","locations":[{"start":{"line":49,"column":6},"end":{"line":53,"column":null}},{"start":{"line":51,"column":13},"end":{"line":53,"column":null}}]},"5":{"loc":{"start":{"line":55,"column":6},"end":{"line":59,"column":null}},"type":"if","locations":[{"start":{"line":55,"column":6},"end":{"line":59,"column":null}},{"start":{"line":57,"column":13},"end":{"line":59,"column":null}}]}},"s":{"0":0,"1":0,"2":0,"3":0,"4":0,"5":0,"6":0,"7":0,"8":0,"9":0,"10":0,"11":0,"12":0,"13":0,"14":0,"15":0,"16":0,"17":0,"18":0,"19":0,"20":0,"21":0,"22":0,"23":0,"24":0,"25":0,"26":0,"27":0,"28":0,"29":0},"f":{"0":0,"1":0,"2":0,"3":0,"4":0,"5":0},"b":{"0":[0,0],"1":[0,0],"2":[0,0],"3":[0,0],"4":[0,0],"5":[0,0]}}
,"/Users/paulomoutinho/Rocketseat/react-training/pizza-shop/src/pages/app/orders/modules/order-table-row.tsx": {"path":"/Users/paulomoutinho/Rocketseat/react-training/pizza-shop/src/pages/app/orders/modules/order-table-row.tsx","statementMap":{"0":{"start":{"line":30,"column":0},"end":{"line":30,"column":null}},"1":{"start":{"line":42,"column":29},"end":{"line":256,"column":null}},"2":{"start":{"line":43,"column":44},"end":{"line":43,"column":null}},"3":{"start":{"line":44,"column":30},"end":{"line":44,"column":null}},"4":{"start":{"line":45,"column":22},"end":{"line":45,"column":null}},"5":{"start":{"line":47,"column":49},"end":{"line":51,"column":null}},"6":{"start":{"line":49,"column":19},"end":{"line":49,"column":null}},"7":{"start":{"line":53,"column":35},"end":{"line":80,"column":null}},"8":{"start":{"line":57,"column":28},"end":{"line":59,"column":null}},"9":{"start":{"line":61,"column":4},"end":{"line":79,"column":null}},"10":{"start":{"line":62,"column":6},"end":{"line":64,"column":null}},"11":{"start":{"line":63,"column":8},"end":{"line":63,"column":null}},"12":{"start":{"line":66,"column":6},"end":{"line":78,"column":null}},"13":{"start":{"line":69,"column":10},"end":{"line":74,"column":null}},"14":{"start":{"line":70,"column":12},"end":{"line":73,"column":null}},"15":{"start":{"line":76,"column":10},"end":{"line":76,"column":null}},"16":{"start":{"line":83,"column":4},"end":{"line":88,"column":null}},"17":{"start":{"line":86,"column":8},"end":{"line":86,"column":null}},"18":{"start":{"line":91,"column":4},"end":{"line":96,"column":null}},"19":{"start":{"line":94,"column":8},"end":{"line":94,"column":null}},"20":{"start":{"line":99,"column":4},"end":{"line":104,"column":null}},"21":{"start":{"line":102,"column":8},"end":{"line":102,"column":null}},"22":{"start":{"line":107,"column":4},"end":{"line":112,"column":null}},"23":{"start":{"line":110,"column":8},"end":{"line":110,"column":null}},"24":{"start":{"line":114,"column":26},"end":{"line":120,"column":null}},"25":{"start":{"line":115,"column":4},"end":{"line":119,"column":null}},"26":{"start":{"line":116,"column":6},"end":{"line":116,"column":null}},"27":{"start":{"line":118,"column":6},"end":{"line":118,"column":null}},"28":{"start":{"line":122,"column":34},"end":{"line":130,"column":null}},"29":{"start":{"line":123,"column":4},"end":{"line":125,"column":null}},"30":{"start":{"line":124,"column":6},"end":{"line":124,"column":null}},"31":{"start":{"line":126,"column":4},"end":{"line":129,"column":null}},"32":{"start":{"line":127,"column":21},"end":{"line":127,"column":null}},"33":{"start":{"line":132,"column":2},"end":{"line":254,"column":null}},"34":{"start":{"line":167,"column":33},"end":{"line":167,"column":null}},"35":{"start":{"line":207,"column":27},"end":{"line":207,"column":null}},"36":{"start":{"line":219,"column":27},"end":{"line":219,"column":null}},"37":{"start":{"line":231,"column":27},"end":{"line":231,"column":null}},"38":{"start":{"line":242,"column":25},"end":{"line":242,"column":null}}},"fnMap":{"0":{"name":"(anonymous_0)","decl":{"start":{"line":42,"column":29},"end":{"line":42,"column":30}},"loc":{"start":{"line":42,"column":64},"end":{"line":256,"column":null}}},"1":{"name":"(anonymous_1)","decl":{"start":{"line":49,"column":13},"end":{"line":49,"column":19}},"loc":{"start":{"line":49,"column":19},"end":{"line":49,"column":null}}},"2":{"name":"(anonymous_2)","decl":{"start":{"line":53,"column":35},"end":{"line":53,"column":null}},"loc":{"start":{"line":56,"column":7},"end":{"line":80,"column":null}}},"3":{"name":"(anonymous_3)","decl":{"start":{"line":61,"column":28},"end":{"line":61,"column":29}},"loc":{"start":{"line":61,"column":55},"end":{"line":79,"column":5}}},"4":{"name":"(anonymous_4)","decl":{"start":{"line":68,"column":37},"end":{"line":68,"column":38}},"loc":{"start":{"line":68,"column":48},"end":{"line":77,"column":9}}},"5":{"name":"(anonymous_5)","decl":{"start":{"line":85,"column":6},"end":{"line":85,"column":12}},"loc":{"start":{"line":85,"column":38},"end":{"line":87,"column":null}}},"6":{"name":"(anonymous_6)","decl":{"start":{"line":93,"column":6},"end":{"line":93,"column":12}},"loc":{"start":{"line":93,"column":38},"end":{"line":95,"column":null}}},"7":{"name":"(anonymous_7)","decl":{"start":{"line":101,"column":6},"end":{"line":101,"column":12}},"loc":{"start":{"line":101,"column":38},"end":{"line":103,"column":null}}},"8":{"name":"(anonymous_8)","decl":{"start":{"line":109,"column":6},"end":{"line":109,"column":12}},"loc":{"start":{"line":109,"column":38},"end":{"line":111,"column":null}}},"9":{"name":"(anonymous_9)","decl":{"start":{"line":114,"column":26},"end":{"line":114,"column":27}},"loc":{"start":{"line":114,"column":49},"end":{"line":120,"column":null}}},"10":{"name":"(anonymous_10)","decl":{"start":{"line":115,"column":54},"end":{"line":115,"column":60}},"loc":{"start":{"line":115,"column":60},"end":{"line":119,"column":5}}},"11":{"name":"(anonymous_11)","decl":{"start":{"line":122,"column":42},"end":{"line":122,"column":48}},"loc":{"start":{"line":122,"column":48},"end":{"line":130,"column":5}}},"12":{"name":"(anonymous_12)","decl":{"start":{"line":127,"column":6},"end":{"line":127,"column":7}},"loc":{"start":{"line":127,"column":21},"end":{"line":127,"column":null}}},"13":{"name":"(anonymous_13)","decl":{"start":{"line":167,"column":27},"end":{"line":167,"column":33}},"loc":{"start":{"line":167,"column":33},"end":{"line":167,"column":null}}},"14":{"name":"(anonymous_14)","decl":{"start":{"line":207,"column":21},"end":{"line":207,"column":27}},"loc":{"start":{"line":207,"column":27},"end":{"line":207,"column":null}}},"15":{"name":"(anonymous_15)","decl":{"start":{"line":219,"column":21},"end":{"line":219,"column":27}},"loc":{"start":{"line":219,"column":27},"end":{"line":219,"column":null}}},"16":{"name":"(anonymous_16)","decl":{"start":{"line":231,"column":21},"end":{"line":231,"column":27}},"loc":{"start":{"line":231,"column":27},"end":{"line":231,"column":null}}},"17":{"name":"(anonymous_17)","decl":{"start":{"line":242,"column":19},"end":{"line":242,"column":25}},"loc":{"start":{"line":242,"column":25},"end":{"line":242,"column":null}}}},"branchMap":{"0":{"loc":{"start":{"line":62,"column":6},"end":{"line":64,"column":null}},"type":"if","locations":[{"start":{"line":62,"column":6},"end":{"line":64,"column":null}},{"start":{},"end":{}}]},"1":{"loc":{"start":{"line":69,"column":10},"end":{"line":74,"column":null}},"type":"if","locations":[{"start":{"line":69,"column":10},"end":{"line":74,"column":null}},{"start":{},"end":{}}]},"2":{"loc":{"start":{"line":123,"column":4},"end":{"line":125,"column":null}},"type":"if","locations":[{"start":{"line":123,"column":4},"end":{"line":125,"column":null}},{"start":{},"end":{}}]},"3":{"loc":{"start":{"line":193,"column":9},"end":{"line":198,"column":null}},"type":"cond-expr","locations":[{"start":{"line":194,"column":10},"end":{"line":194,"column":null}},{"start":{"line":196,"column":10},"end":{"line":198,"column":null}}]},"4":{"loc":{"start":{"line":203,"column":9},"end":{"line":212,"column":null}},"type":"binary-expr","locations":[{"start":{"line":203,"column":9},"end":{"line":203,"column":null}},{"start":{"line":204,"column":10},"end":{"line":212,"column":null}}]},"5":{"loc":{"start":{"line":215,"column":9},"end":{"line":224,"column":null}},"type":"binary-expr","locations":[{"start":{"line":215,"column":9},"end":{"line":215,"column":null}},{"start":{"line":216,"column":10},"end":{"line":224,"column":null}}]},"6":{"loc":{"start":{"line":227,"column":9},"end":{"line":236,"column":null}},"type":"binary-expr","locations":[{"start":{"line":227,"column":9},"end":{"line":227,"column":null}},{"start":{"line":228,"column":10},"end":{"line":236,"column":null}}]},"7":{"loc":{"start":{"line":244,"column":12},"end":{"line":245,"column":null}},"type":"binary-expr","locations":[{"start":{"line":244,"column":12},"end":{"line":244,"column":null}},{"start":{"line":245,"column":12},"end":{"line":245,"column":null}}]}},"s":{"0":0,"1":0,"2":0,"3":0,"4":0,"5":0,"6":0,"7":0,"8":0,"9":0,"10":0,"11":0,"12":0,"13":0,"14":0,"15":0,"16":0,"17":0,"18":0,"19":0,"20":0,"21":0,"22":0,"23":0,"24":0,"25":0,"26":0,"27":0,"28":0,"29":0,"30":0,"31":0,"32":0,"33":0,"34":0,"35":0,"36":0,"37":0,"38":0},"f":{"0":0,"1":0,"2":0,"3":0,"4":0,"5":0,"6":0,"7":0,"8":0,"9":0,"10":0,"11":0,"12":0,"13":0,"14":0,"15":0,"16":0,"17":0},"b":{"0":[0,0],"1":[0,0],"2":[0,0],"3":[0,0],"4":[0,0],"5":[0,0],"6":[0,0],"7":[0,0]}}
,"/Users/paulomoutinho/Rocketseat/react-training/pizza-shop/src/pages/auth/sign-in.tsx": {"path":"/Users/paulomoutinho/Rocketseat/react-training/pizza-shop/src/pages/auth/sign-in.tsx","statementMap":{"0":{"start":{"line":14,"column":25},"end":{"line":16,"column":null}},"1":{"start":{"line":20,"column":22},"end":{"line":96,"column":null}},"2":{"start":{"line":21,"column":25},"end":{"line":21,"column":null}},"3":{"start":{"line":27,"column":6},"end":{"line":32,"column":null}},"4":{"start":{"line":34,"column":40},"end":{"line":36,"column":null}},"5":{"start":{"line":38,"column":27},"end":{"line":53,"column":null}},"6":{"start":{"line":39,"column":4},"end":{"line":52,"column":null}},"7":{"start":{"line":40,"column":6},"end":{"line":40,"column":null}},"8":{"start":{"line":42,"column":6},"end":{"line":47,"column":null}},"9":{"start":{"line":45,"column":25},"end":{"line":45,"column":null}},"10":{"start":{"line":49,"column":6},"end":{"line":49,"column":null}},"11":{"start":{"line":51,"column":6},"end":{"line":51,"column":null}},"12":{"start":{"line":55,"column":2},"end":{"line":94,"column":null}}},"fnMap":{"0":{"name":"(anonymous_0)","decl":{"start":{"line":20,"column":22},"end":{"line":20,"column":28}},"loc":{"start":{"line":20,"column":28},"end":{"line":96,"column":null}}},"1":{"name":"(anonymous_1)","decl":{"start":{"line":38,"column":27},"end":{"line":38,"column":34}},"loc":{"start":{"line":38,"column":61},"end":{"line":53,"column":null}}},"2":{"name":"(anonymous_2)","decl":{"start":{"line":45,"column":19},"end":{"line":45,"column":25}},"loc":{"start":{"line":45,"column":25},"end":{"line":45,"column":null}}}},"branchMap":{"0":{"loc":{"start":{"line":30,"column":13},"end":{"line":30,"column":null}},"type":"binary-expr","locations":[{"start":{"line":30,"column":13},"end":{"line":30,"column":42}},{"start":{"line":30,"column":42},"end":{"line":30,"column":null}}]},"1":{"loc":{"start":{"line":84,"column":13},"end":{"line":85,"column":null}},"type":"binary-expr","locations":[{"start":{"line":84,"column":13},"end":{"line":84,"column":null}},{"start":{"line":85,"column":14},"end":{"line":85,"column":null}}]}},"s":{"0":0,"1":0,"2":0,"3":0,"4":0,"5":0,"6":0,"7":0,"8":0,"9":0,"10":0,"11":0,"12":0},"f":{"0":0,"1":0,"2":0},"b":{"0":[0,0],"1":[0,0]}}
,"/Users/paulomoutinho/Rocketseat/react-training/pizza-shop/src/pages/auth/sign-up.tsx": {"path":"/Users/paulomoutinho/Rocketseat/react-training/pizza-shop/src/pages/auth/sign-up.tsx","statementMap":{"0":{"start":{"line":14,"column":25},"end":{"line":19,"column":null}},"1":{"start":{"line":23,"column":22},"end":{"line":128,"column":null}},"2":{"start":{"line":24,"column":19},"end":{"line":24,"column":null}},"3":{"start":{"line":25,"column":25},"end":{"line":25,"column":null}},"4":{"start":{"line":31,"column":6},"end":{"line":36,"column":null}},"5":{"start":{"line":38,"column":48},"end":{"line":40,"column":null}},"6":{"start":{"line":42,"column":27},"end":{"line":62,"column":null}},"7":{"start":{"line":43,"column":4},"end":{"line":61,"column":null}},"8":{"start":{"line":44,"column":6},"end":{"line":49,"column":null}},"9":{"start":{"line":51,"column":6},"end":{"line":56,"column":null}},"10":{"start":{"line":54,"column":25},"end":{"line":54,"column":null}},"11":{"start":{"line":58,"column":6},"end":{"line":58,"column":null}},"12":{"start":{"line":60,"column":6},"end":{"line":60,"column":null}},"13":{"start":{"line":64,"column":2},"end":{"line":126,"column":null}}},"fnMap":{"0":{"name":"(anonymous_0)","decl":{"start":{"line":23,"column":22},"end":{"line":23,"column":28}},"loc":{"start":{"line":23,"column":28},"end":{"line":128,"column":null}}},"1":{"name":"(anonymous_1)","decl":{"start":{"line":42,"column":27},"end":{"line":42,"column":34}},"loc":{"start":{"line":42,"column":61},"end":{"line":62,"column":null}}},"2":{"name":"(anonymous_2)","decl":{"start":{"line":54,"column":19},"end":{"line":54,"column":25}},"loc":{"start":{"line":54,"column":25},"end":{"line":54,"column":null}}}},"branchMap":{"0":{"loc":{"start":{"line":34,"column":13},"end":{"line":34,"column":null}},"type":"binary-expr","locations":[{"start":{"line":34,"column":13},"end":{"line":34,"column":42}},{"start":{"line":34,"column":42},"end":{"line":34,"column":null}}]}},"s":{"0":0,"1":0,"2":0,"3":0,"4":0,"5":0,"6":0,"7":0,"8":0,"9":0,"10":0,"11":0,"12":0,"13":0},"f":{"0":0,"1":0,"2":0},"b":{"0":[0,0]}}
,"/Users/paulomoutinho/Rocketseat/react-training/pizza-shop/src/utils/format-price.ts": {"path":"/Users/paulomoutinho/Rocketseat/react-training/pizza-shop/src/utils/format-price.ts","statementMap":{"0":{"start":{"line":1,"column":27},"end":{"line":3,"column":null}},"1":{"start":{"line":2,"column":2},"end":{"line":2,"column":null}}},"fnMap":{"0":{"name":"(anonymous_0)","decl":{"start":{"line":1,"column":27},"end":{"line":1,"column":28}},"loc":{"start":{"line":1,"column":46},"end":{"line":3,"column":null}}}},"branchMap":{},"s":{"0":1,"1":1},"f":{"0":1},"b":{}}
}
